{"D:\\Hacktiv\\Phase 2\\Week 3\\iproject\\server\\app.js": {"path":"D:\\Hacktiv\\Phase 2\\Week 3\\iproject\\server\\app.js","statementMap":{"0":{"start":{"line":1,"column":16},"end":{"line":1,"column":34}},"1":{"start":{"line":3,"column":19},"end":{"line":3,"column":54}},"2":{"start":{"line":4,"column":12},"end":{"line":4,"column":21}},"3":{"start":{"line":6,"column":13},"end":{"line":6,"column":28}},"4":{"start":{"line":7,"column":15},"end":{"line":7,"column":35}},"5":{"start":{"line":8,"column":0},"end":{"line":8,"column":16}},"6":{"start":{"line":10,"column":0},"end":{"line":10,"column":48}},"7":{"start":{"line":11,"column":0},"end":{"line":11,"column":24}},"8":{"start":{"line":13,"column":0},"end":{"line":13,"column":16}},"9":{"start":{"line":15,"column":0},"end":{"line":15,"column":20}},"10":{"start":{"line":17,"column":0},"end":{"line":17,"column":21}}},"fnMap":{},"branchMap":{},"s":{"0":4,"1":4,"2":4,"3":4,"4":4,"5":4,"6":4,"7":4,"8":4,"9":4,"10":4},"f":{},"b":{},"_coverageSchema":"1a1c01bbd47fc00a2c39e90264f33305004495a9","hash":"3725eb7b20173ab4fe67c0a769d6c5722908811f"}
,"D:\\Hacktiv\\Phase 2\\Week 3\\iproject\\server\\controllers\\controller.js": {"path":"D:\\Hacktiv\\Phase 2\\Week 3\\iproject\\server\\controllers\\controller.js","statementMap":{"0":{"start":{"line":1,"column":42},"end":{"line":1,"column":69}},"1":{"start":{"line":2,"column":35},"end":{"line":2,"column":59}},"2":{"start":{"line":3,"column":18},"end":{"line":3,"column":45}},"3":{"start":{"line":4,"column":25},"end":{"line":4,"column":45}},"4":{"start":{"line":5,"column":14},"end":{"line":5,"column":30}},"5":{"start":{"line":6,"column":25},"end":{"line":6,"column":55}},"6":{"start":{"line":7,"column":15},"end":{"line":7,"column":33}},"7":{"start":{"line":8,"column":23},"end":{"line":8,"column":49}},"8":{"start":{"line":14,"column":4},"end":{"line":25,"column":5}},"9":{"start":{"line":15,"column":6},"end":{"line":19,"column":9}},"10":{"start":{"line":21,"column":6},"end":{"line":21,"column":65}},"11":{"start":{"line":23,"column":6},"end":{"line":23,"column":25}},"12":{"start":{"line":24,"column":6},"end":{"line":24,"column":18}},"13":{"start":{"line":29,"column":4},"end":{"line":55,"column":5}},"14":{"start":{"line":31,"column":6},"end":{"line":31,"column":59}},"15":{"start":{"line":31,"column":27},"end":{"line":31,"column":59}},"16":{"start":{"line":32,"column":6},"end":{"line":32,"column":65}},"17":{"start":{"line":32,"column":30},"end":{"line":32,"column":65}},"18":{"start":{"line":34,"column":23},"end":{"line":38,"column":8}},"19":{"start":{"line":40,"column":6},"end":{"line":40,"column":52}},"20":{"start":{"line":40,"column":21},"end":{"line":40,"column":52}},"21":{"start":{"line":42,"column":24},"end":{"line":42,"column":77}},"22":{"start":{"line":44,"column":6},"end":{"line":44,"column":53}},"23":{"start":{"line":44,"column":22},"end":{"line":44,"column":53}},"24":{"start":{"line":48,"column":22},"end":{"line":48,"column":41}},"25":{"start":{"line":49,"column":27},"end":{"line":49,"column":45}},"26":{"start":{"line":51,"column":6},"end":{"line":51,"column":71}},"27":{"start":{"line":53,"column":6},"end":{"line":53,"column":25}},"28":{"start":{"line":54,"column":6},"end":{"line":54,"column":18}},"29":{"start":{"line":59,"column":29},"end":{"line":59,"column":59}},"30":{"start":{"line":60,"column":19},"end":{"line":60,"column":37}},"31":{"start":{"line":62,"column":4},"end":{"line":99,"column":5}},"32":{"start":{"line":63,"column":26},"end":{"line":63,"column":46}},"33":{"start":{"line":64,"column":6},"end":{"line":66,"column":7}},"34":{"start":{"line":65,"column":8},"end":{"line":65,"column":39}},"35":{"start":{"line":68,"column":21},"end":{"line":74,"column":8}},"36":{"start":{"line":75,"column":6},"end":{"line":75,"column":50}},"37":{"start":{"line":75,"column":19},"end":{"line":75,"column":50}},"38":{"start":{"line":77,"column":22},"end":{"line":77,"column":41}},"39":{"start":{"line":79,"column":17},"end":{"line":83,"column":8}},"40":{"start":{"line":85,"column":6},"end":{"line":91,"column":7}},"41":{"start":{"line":86,"column":8},"end":{"line":90,"column":11}},"42":{"start":{"line":93,"column":27},"end":{"line":93,"column":53}},"43":{"start":{"line":95,"column":6},"end":{"line":95,"column":78}},"44":{"start":{"line":97,"column":6},"end":{"line":97,"column":25}},"45":{"start":{"line":98,"column":6},"end":{"line":98,"column":18}},"46":{"start":{"line":103,"column":4},"end":{"line":121,"column":5}},"47":{"start":{"line":105,"column":19},"end":{"line":109,"column":8}},"48":{"start":{"line":111,"column":6},"end":{"line":111,"column":48}},"49":{"start":{"line":111,"column":17},"end":{"line":111,"column":48}},"50":{"start":{"line":113,"column":22},"end":{"line":113,"column":56}},"51":{"start":{"line":114,"column":20},"end":{"line":114,"column":38}},"52":{"start":{"line":116,"column":19},"end":{"line":116,"column":77}},"53":{"start":{"line":118,"column":6},"end":{"line":118,"column":46}},"54":{"start":{"line":120,"column":6},"end":{"line":120,"column":18}},"55":{"start":{"line":125,"column":4},"end":{"line":145,"column":5}},"56":{"start":{"line":126,"column":28},"end":{"line":126,"column":38}},"57":{"start":{"line":128,"column":6},"end":{"line":128,"column":63}},"58":{"start":{"line":128,"column":30},"end":{"line":128,"column":63}},"59":{"start":{"line":129,"column":19},"end":{"line":129,"column":37}},"60":{"start":{"line":133,"column":6},"end":{"line":133,"column":57}},"61":{"start":{"line":133,"column":29},"end":{"line":133,"column":57}},"62":{"start":{"line":135,"column":19},"end":{"line":135,"column":42}},"63":{"start":{"line":136,"column":6},"end":{"line":136,"column":45}},"64":{"start":{"line":136,"column":17},"end":{"line":136,"column":45}},"65":{"start":{"line":138,"column":22},"end":{"line":138,"column":53}},"66":{"start":{"line":140,"column":19},"end":{"line":140,"column":59}},"67":{"start":{"line":142,"column":6},"end":{"line":142,"column":66}},"68":{"start":{"line":144,"column":6},"end":{"line":144,"column":18}},"69":{"start":{"line":149,"column":4},"end":{"line":164,"column":5}},"70":{"start":{"line":150,"column":28},"end":{"line":150,"column":38}},"71":{"start":{"line":153,"column":19},"end":{"line":153,"column":56}},"72":{"start":{"line":154,"column":6},"end":{"line":154,"column":45}},"73":{"start":{"line":154,"column":17},"end":{"line":154,"column":45}},"74":{"start":{"line":156,"column":21},"end":{"line":156,"column":39}},"75":{"start":{"line":159,"column":6},"end":{"line":159,"column":47}},"76":{"start":{"line":161,"column":6},"end":{"line":161,"column":60}},"77":{"start":{"line":163,"column":6},"end":{"line":163,"column":18}},"78":{"start":{"line":168,"column":4},"end":{"line":190,"column":5}},"79":{"start":{"line":169,"column":23},"end":{"line":178,"column":8}},"80":{"start":{"line":180,"column":6},"end":{"line":182,"column":8}},"81":{"start":{"line":181,"column":8},"end":{"line":181,"column":80}},"82":{"start":{"line":184,"column":6},"end":{"line":184,"column":48}},"83":{"start":{"line":184,"column":17},"end":{"line":184,"column":48}},"84":{"start":{"line":186,"column":6},"end":{"line":186,"column":33}},"85":{"start":{"line":188,"column":6},"end":{"line":188,"column":25}},"86":{"start":{"line":189,"column":6},"end":{"line":189,"column":18}},"87":{"start":{"line":194,"column":4},"end":{"line":216,"column":5}},"88":{"start":{"line":195,"column":6},"end":{"line":195,"column":25}},"89":{"start":{"line":198,"column":23},"end":{"line":207,"column":8}},"90":{"start":{"line":208,"column":6},"end":{"line":208,"column":78}},"91":{"start":{"line":210,"column":6},"end":{"line":210,"column":29}},"92":{"start":{"line":212,"column":6},"end":{"line":212,"column":33}},"93":{"start":{"line":214,"column":6},"end":{"line":214,"column":25}},"94":{"start":{"line":215,"column":6},"end":{"line":215,"column":18}},"95":{"start":{"line":220,"column":4},"end":{"line":235,"column":5}},"96":{"start":{"line":223,"column":21},"end":{"line":227,"column":8}},"97":{"start":{"line":228,"column":6},"end":{"line":228,"column":51}},"98":{"start":{"line":228,"column":19},"end":{"line":228,"column":51}},"99":{"start":{"line":231,"column":6},"end":{"line":231,"column":35}},"100":{"start":{"line":233,"column":6},"end":{"line":233,"column":25}},"101":{"start":{"line":234,"column":6},"end":{"line":234,"column":18}},"102":{"start":{"line":239,"column":4},"end":{"line":259,"column":5}},"103":{"start":{"line":240,"column":6},"end":{"line":240,"column":47}},"104":{"start":{"line":242,"column":25},"end":{"line":242,"column":76}},"105":{"start":{"line":243,"column":6},"end":{"line":243,"column":30}},"106":{"start":{"line":245,"column":6},"end":{"line":247,"column":7}},"107":{"start":{"line":246,"column":8},"end":{"line":246,"column":35}},"108":{"start":{"line":249,"column":6},"end":{"line":249,"column":28}},"109":{"start":{"line":250,"column":6},"end":{"line":254,"column":9}},"110":{"start":{"line":256,"column":6},"end":{"line":256,"column":95}},"111":{"start":{"line":258,"column":6},"end":{"line":258,"column":18}},"112":{"start":{"line":267,"column":4},"end":{"line":278,"column":5}},"113":{"start":{"line":268,"column":21},"end":{"line":273,"column":8}},"114":{"start":{"line":274,"column":6},"end":{"line":274,"column":26}},"115":{"start":{"line":275,"column":6},"end":{"line":275,"column":35}},"116":{"start":{"line":277,"column":6},"end":{"line":277,"column":18}},"117":{"start":{"line":282,"column":4},"end":{"line":288,"column":5}},"118":{"start":{"line":283,"column":21},"end":{"line":283,"column":57}},"119":{"start":{"line":284,"column":6},"end":{"line":284,"column":46}},"120":{"start":{"line":284,"column":19},"end":{"line":284,"column":46}},"121":{"start":{"line":285,"column":6},"end":{"line":285,"column":35}},"122":{"start":{"line":287,"column":6},"end":{"line":287,"column":18}},"123":{"start":{"line":292,"column":4},"end":{"line":327,"column":5}},"124":{"start":{"line":294,"column":17},"end":{"line":298,"column":8}},"125":{"start":{"line":300,"column":23},"end":{"line":300,"column":47}},"126":{"start":{"line":301,"column":22},"end":{"line":317,"column":7}},"127":{"start":{"line":319,"column":26},"end":{"line":319,"column":65}},"128":{"start":{"line":320,"column":29},"end":{"line":320,"column":46}},"129":{"start":{"line":322,"column":6},"end":{"line":324,"column":72}},"130":{"start":{"line":326,"column":6},"end":{"line":326,"column":18}},"131":{"start":{"line":331,"column":4},"end":{"line":360,"column":5}},"132":{"start":{"line":335,"column":21},"end":{"line":335,"column":57}},"133":{"start":{"line":336,"column":6},"end":{"line":336,"column":71}},"134":{"start":{"line":336,"column":41},"end":{"line":336,"column":71}},"135":{"start":{"line":339,"column":6},"end":{"line":346,"column":8}},"136":{"start":{"line":348,"column":19},"end":{"line":348,"column":55}},"137":{"start":{"line":352,"column":19},"end":{"line":352,"column":69}},"138":{"start":{"line":353,"column":6},"end":{"line":353,"column":48}},"139":{"start":{"line":353,"column":17},"end":{"line":353,"column":48}},"140":{"start":{"line":354,"column":8},"end":{"line":354,"column":26}},"141":{"start":{"line":355,"column":6},"end":{"line":355,"column":57}},"142":{"start":{"line":357,"column":6},"end":{"line":357,"column":63}},"143":{"start":{"line":359,"column":6},"end":{"line":359,"column":18}},"144":{"start":{"line":364,"column":0},"end":{"line":364,"column":28}}},"fnMap":{"0":{"name":"(anonymous_0)","decl":{"start":{"line":13,"column":2},"end":{"line":13,"column":3}},"loc":{"start":{"line":13,"column":40},"end":{"line":26,"column":3}},"line":13},"1":{"name":"(anonymous_1)","decl":{"start":{"line":28,"column":2},"end":{"line":28,"column":3}},"loc":{"start":{"line":28,"column":37},"end":{"line":56,"column":3}},"line":28},"2":{"name":"(anonymous_2)","decl":{"start":{"line":58,"column":2},"end":{"line":58,"column":3}},"loc":{"start":{"line":58,"column":43},"end":{"line":100,"column":3}},"line":58},"3":{"name":"(anonymous_3)","decl":{"start":{"line":102,"column":2},"end":{"line":102,"column":3}},"loc":{"start":{"line":102,"column":46},"end":{"line":122,"column":3}},"line":102},"4":{"name":"(anonymous_4)","decl":{"start":{"line":124,"column":2},"end":{"line":124,"column":3}},"loc":{"start":{"line":124,"column":43},"end":{"line":146,"column":3}},"line":124},"5":{"name":"(anonymous_5)","decl":{"start":{"line":148,"column":2},"end":{"line":148,"column":3}},"loc":{"start":{"line":148,"column":45},"end":{"line":165,"column":3}},"line":148},"6":{"name":"(anonymous_6)","decl":{"start":{"line":167,"column":2},"end":{"line":167,"column":3}},"loc":{"start":{"line":167,"column":43},"end":{"line":191,"column":3}},"line":167},"7":{"name":"(anonymous_7)","decl":{"start":{"line":180,"column":27},"end":{"line":180,"column":28}},"loc":{"start":{"line":180,"column":35},"end":{"line":182,"column":7}},"line":180},"8":{"name":"(anonymous_8)","decl":{"start":{"line":193,"column":2},"end":{"line":193,"column":3}},"loc":{"start":{"line":193,"column":46},"end":{"line":217,"column":3}},"line":193},"9":{"name":"(anonymous_9)","decl":{"start":{"line":219,"column":2},"end":{"line":219,"column":3}},"loc":{"start":{"line":219,"column":45},"end":{"line":236,"column":3}},"line":219},"10":{"name":"(anonymous_10)","decl":{"start":{"line":238,"column":2},"end":{"line":238,"column":3}},"loc":{"start":{"line":238,"column":44},"end":{"line":260,"column":3}},"line":238},"11":{"name":"(anonymous_11)","decl":{"start":{"line":262,"column":2},"end":{"line":262,"column":3}},"loc":{"start":{"line":262,"column":44},"end":{"line":279,"column":3}},"line":262},"12":{"name":"(anonymous_12)","decl":{"start":{"line":281,"column":2},"end":{"line":281,"column":3}},"loc":{"start":{"line":281,"column":41},"end":{"line":289,"column":3}},"line":281},"13":{"name":"(anonymous_13)","decl":{"start":{"line":291,"column":2},"end":{"line":291,"column":3}},"loc":{"start":{"line":291,"column":47},"end":{"line":328,"column":3}},"line":291},"14":{"name":"(anonymous_14)","decl":{"start":{"line":330,"column":2},"end":{"line":330,"column":3}},"loc":{"start":{"line":330,"column":45},"end":{"line":361,"column":3}},"line":330}},"branchMap":{"0":{"loc":{"start":{"line":31,"column":6},"end":{"line":31,"column":59}},"type":"if","locations":[{"start":{"line":31,"column":6},"end":{"line":31,"column":59}},{"start":{},"end":{}}],"line":31},"1":{"loc":{"start":{"line":32,"column":6},"end":{"line":32,"column":65}},"type":"if","locations":[{"start":{"line":32,"column":6},"end":{"line":32,"column":65}},{"start":{},"end":{}}],"line":32},"2":{"loc":{"start":{"line":40,"column":6},"end":{"line":40,"column":52}},"type":"if","locations":[{"start":{"line":40,"column":6},"end":{"line":40,"column":52}},{"start":{},"end":{}}],"line":40},"3":{"loc":{"start":{"line":44,"column":6},"end":{"line":44,"column":53}},"type":"if","locations":[{"start":{"line":44,"column":6},"end":{"line":44,"column":53}},{"start":{},"end":{}}],"line":44},"4":{"loc":{"start":{"line":64,"column":6},"end":{"line":66,"column":7}},"type":"if","locations":[{"start":{"line":64,"column":6},"end":{"line":66,"column":7}},{"start":{},"end":{}}],"line":64},"5":{"loc":{"start":{"line":75,"column":6},"end":{"line":75,"column":50}},"type":"if","locations":[{"start":{"line":75,"column":6},"end":{"line":75,"column":50}},{"start":{},"end":{}}],"line":75},"6":{"loc":{"start":{"line":85,"column":6},"end":{"line":91,"column":7}},"type":"if","locations":[{"start":{"line":85,"column":6},"end":{"line":91,"column":7}},{"start":{},"end":{}}],"line":85},"7":{"loc":{"start":{"line":111,"column":6},"end":{"line":111,"column":48}},"type":"if","locations":[{"start":{"line":111,"column":6},"end":{"line":111,"column":48}},{"start":{},"end":{}}],"line":111},"8":{"loc":{"start":{"line":128,"column":6},"end":{"line":128,"column":63}},"type":"if","locations":[{"start":{"line":128,"column":6},"end":{"line":128,"column":63}},{"start":{},"end":{}}],"line":128},"9":{"loc":{"start":{"line":133,"column":6},"end":{"line":133,"column":57}},"type":"if","locations":[{"start":{"line":133,"column":6},"end":{"line":133,"column":57}},{"start":{},"end":{}}],"line":133},"10":{"loc":{"start":{"line":136,"column":6},"end":{"line":136,"column":45}},"type":"if","locations":[{"start":{"line":136,"column":6},"end":{"line":136,"column":45}},{"start":{},"end":{}}],"line":136},"11":{"loc":{"start":{"line":154,"column":6},"end":{"line":154,"column":45}},"type":"if","locations":[{"start":{"line":154,"column":6},"end":{"line":154,"column":45}},{"start":{},"end":{}}],"line":154},"12":{"loc":{"start":{"line":184,"column":6},"end":{"line":184,"column":48}},"type":"if","locations":[{"start":{"line":184,"column":6},"end":{"line":184,"column":48}},{"start":{},"end":{}}],"line":184},"13":{"loc":{"start":{"line":228,"column":6},"end":{"line":228,"column":51}},"type":"if","locations":[{"start":{"line":228,"column":6},"end":{"line":228,"column":51}},{"start":{},"end":{}}],"line":228},"14":{"loc":{"start":{"line":245,"column":6},"end":{"line":247,"column":7}},"type":"if","locations":[{"start":{"line":245,"column":6},"end":{"line":247,"column":7}},{"start":{},"end":{}}],"line":245},"15":{"loc":{"start":{"line":284,"column":6},"end":{"line":284,"column":46}},"type":"if","locations":[{"start":{"line":284,"column":6},"end":{"line":284,"column":46}},{"start":{},"end":{}}],"line":284},"16":{"loc":{"start":{"line":336,"column":6},"end":{"line":336,"column":71}},"type":"if","locations":[{"start":{"line":336,"column":6},"end":{"line":336,"column":71}},{"start":{},"end":{}}],"line":336},"17":{"loc":{"start":{"line":353,"column":6},"end":{"line":353,"column":48}},"type":"if","locations":[{"start":{"line":353,"column":6},"end":{"line":353,"column":48}},{"start":{},"end":{}}],"line":353}},"s":{"0":4,"1":4,"2":4,"3":4,"4":4,"5":4,"6":4,"7":4,"8":7,"9":7,"10":1,"11":6,"12":6,"13":5,"14":5,"15":1,"16":4,"17":1,"18":3,"19":3,"20":1,"21":2,"22":2,"23":1,"24":1,"25":1,"26":1,"27":4,"28":4,"29":1,"30":1,"31":1,"32":1,"33":1,"34":1,"35":0,"36":0,"37":0,"38":0,"39":0,"40":0,"41":0,"42":0,"43":0,"44":1,"45":1,"46":3,"47":3,"48":2,"49":1,"50":1,"51":1,"52":1,"53":1,"54":2,"55":4,"56":4,"57":4,"58":1,"59":3,"60":2,"61":1,"62":1,"63":1,"64":0,"65":1,"66":1,"67":1,"68":3,"69":3,"70":3,"71":3,"72":3,"73":1,"74":2,"75":1,"76":1,"77":2,"78":1,"79":1,"80":1,"81":20,"82":1,"83":0,"84":1,"85":0,"86":0,"87":1,"88":1,"89":1,"90":1,"91":1,"92":1,"93":0,"94":0,"95":1,"96":1,"97":1,"98":0,"99":1,"100":0,"101":0,"102":1,"103":1,"104":1,"105":1,"106":1,"107":0,"108":1,"109":1,"110":1,"111":0,"112":1,"113":1,"114":1,"115":1,"116":0,"117":1,"118":1,"119":1,"120":0,"121":1,"122":0,"123":0,"124":0,"125":0,"126":0,"127":0,"128":0,"129":0,"130":0,"131":1,"132":1,"133":1,"134":0,"135":1,"136":1,"137":1,"138":1,"139":0,"140":1,"141":1,"142":1,"143":0,"144":4},"f":{"0":7,"1":5,"2":1,"3":3,"4":4,"5":3,"6":1,"7":20,"8":1,"9":1,"10":1,"11":1,"12":1,"13":0,"14":1},"b":{"0":[1,4],"1":[1,3],"2":[1,2],"3":[1,1],"4":[1,0],"5":[0,0],"6":[0,0],"7":[1,1],"8":[1,3],"9":[1,1],"10":[0,1],"11":[1,2],"12":[0,1],"13":[0,1],"14":[0,1],"15":[0,1],"16":[0,1],"17":[0,1]},"_coverageSchema":"1a1c01bbd47fc00a2c39e90264f33305004495a9","hash":"61ffaa5b771cc82c0cd2118238cad68c376c5419"}
,"D:\\Hacktiv\\Phase 2\\Week 3\\iproject\\server\\helper\\bcrypt.js": {"path":"D:\\Hacktiv\\Phase 2\\Week 3\\iproject\\server\\helper\\bcrypt.js","statementMap":{"0":{"start":{"line":1,"column":15},"end":{"line":1,"column":34}},"1":{"start":{"line":3,"column":21},"end":{"line":8,"column":1}},"2":{"start":{"line":4,"column":15},"end":{"line":4,"column":37}},"3":{"start":{"line":5,"column":15},"end":{"line":5,"column":53}},"4":{"start":{"line":7,"column":4},"end":{"line":7,"column":15}},"5":{"start":{"line":10,"column":24},"end":{"line":14,"column":1}},"6":{"start":{"line":11,"column":18},"end":{"line":11,"column":69}},"7":{"start":{"line":13,"column":4},"end":{"line":13,"column":18}},"8":{"start":{"line":16,"column":0},"end":{"line":16,"column":47}}},"fnMap":{"0":{"name":"(anonymous_0)","decl":{"start":{"line":3,"column":21},"end":{"line":3,"column":22}},"loc":{"start":{"line":3,"column":41},"end":{"line":8,"column":1}},"line":3},"1":{"name":"(anonymous_1)","decl":{"start":{"line":10,"column":24},"end":{"line":10,"column":25}},"loc":{"start":{"line":10,"column":59},"end":{"line":14,"column":1}},"line":10}},"branchMap":{},"s":{"0":4,"1":4,"2":6,"3":6,"4":6,"5":4,"6":2,"7":2,"8":4},"f":{"0":6,"1":2},"b":{},"_coverageSchema":"1a1c01bbd47fc00a2c39e90264f33305004495a9","hash":"6fbeead7512b364fa2aa60098dead6ce7ec7ae09"}
,"D:\\Hacktiv\\Phase 2\\Week 3\\iproject\\server\\helper\\jwt.js": {"path":"D:\\Hacktiv\\Phase 2\\Week 3\\iproject\\server\\helper\\jwt.js","statementMap":{"0":{"start":{"line":1,"column":12},"end":{"line":1,"column":35}},"1":{"start":{"line":2,"column":15},"end":{"line":2,"column":34}},"2":{"start":{"line":4,"column":18},"end":{"line":8,"column":1}},"3":{"start":{"line":5,"column":16},"end":{"line":5,"column":40}},"4":{"start":{"line":7,"column":4},"end":{"line":7,"column":16}},"5":{"start":{"line":10,"column":20},"end":{"line":14,"column":1}},"6":{"start":{"line":11,"column":17},"end":{"line":11,"column":41}},"7":{"start":{"line":13,"column":4},"end":{"line":13,"column":17}},"8":{"start":{"line":16,"column":0},"end":{"line":16,"column":40}}},"fnMap":{"0":{"name":"(anonymous_0)","decl":{"start":{"line":4,"column":18},"end":{"line":4,"column":19}},"loc":{"start":{"line":4,"column":30},"end":{"line":8,"column":1}},"line":4},"1":{"name":"(anonymous_1)","decl":{"start":{"line":10,"column":20},"end":{"line":10,"column":21}},"loc":{"start":{"line":10,"column":30},"end":{"line":14,"column":1}},"line":10}},"branchMap":{},"s":{"0":4,"1":4,"2":4,"3":6,"4":6,"5":4,"6":17,"7":11,"8":4},"f":{"0":6,"1":17},"b":{},"_coverageSchema":"1a1c01bbd47fc00a2c39e90264f33305004495a9","hash":"a835ef2a10da46bf201c38b80ed289839da302f1"}
,"D:\\Hacktiv\\Phase 2\\Week 3\\iproject\\server\\helper\\mailer.js": {"path":"D:\\Hacktiv\\Phase 2\\Week 3\\iproject\\server\\helper\\mailer.js","statementMap":{"0":{"start":{"line":1,"column":19},"end":{"line":1,"column":40}},"1":{"start":{"line":5,"column":22},"end":{"line":11,"column":6}},"2":{"start":{"line":12,"column":4},"end":{"line":12,"column":23}},"3":{"start":{"line":16,"column":21},"end":{"line":21,"column":5}},"4":{"start":{"line":22,"column":4},"end":{"line":28,"column":7}},"5":{"start":{"line":23,"column":6},"end":{"line":27,"column":7}},"6":{"start":{"line":24,"column":8},"end":{"line":24,"column":25}},"7":{"start":{"line":26,"column":8},"end":{"line":26,"column":35}},"8":{"start":{"line":32,"column":21},"end":{"line":37,"column":5}},"9":{"start":{"line":38,"column":4},"end":{"line":44,"column":7}},"10":{"start":{"line":39,"column":6},"end":{"line":43,"column":7}},"11":{"start":{"line":40,"column":8},"end":{"line":40,"column":25}},"12":{"start":{"line":42,"column":8},"end":{"line":42,"column":35}},"13":{"start":{"line":50,"column":0},"end":{"line":50,"column":27}}},"fnMap":{"0":{"name":"(anonymous_0)","decl":{"start":{"line":4,"column":2},"end":{"line":4,"column":3}},"loc":{"start":{"line":4,"column":23},"end":{"line":13,"column":3}},"line":4},"1":{"name":"(anonymous_1)","decl":{"start":{"line":15,"column":2},"end":{"line":15,"column":3}},"loc":{"start":{"line":15,"column":38},"end":{"line":29,"column":3}},"line":15},"2":{"name":"(anonymous_2)","decl":{"start":{"line":22,"column":44},"end":{"line":22,"column":45}},"loc":{"start":{"line":22,"column":59},"end":{"line":28,"column":5}},"line":22},"3":{"name":"(anonymous_3)","decl":{"start":{"line":31,"column":2},"end":{"line":31,"column":3}},"loc":{"start":{"line":31,"column":44},"end":{"line":45,"column":3}},"line":31},"4":{"name":"(anonymous_4)","decl":{"start":{"line":38,"column":44},"end":{"line":38,"column":45}},"loc":{"start":{"line":38,"column":59},"end":{"line":44,"column":5}},"line":38}},"branchMap":{"0":{"loc":{"start":{"line":23,"column":6},"end":{"line":27,"column":7}},"type":"if","locations":[{"start":{"line":23,"column":6},"end":{"line":27,"column":7}},{"start":{"line":25,"column":13},"end":{"line":27,"column":7}}],"line":23},"1":{"loc":{"start":{"line":39,"column":6},"end":{"line":43,"column":7}},"type":"if","locations":[{"start":{"line":39,"column":6},"end":{"line":43,"column":7}},{"start":{"line":41,"column":13},"end":{"line":43,"column":7}}],"line":39}},"s":{"0":4,"1":2,"2":2,"3":1,"4":1,"5":0,"6":0,"7":0,"8":1,"9":1,"10":0,"11":0,"12":0,"13":4},"f":{"0":2,"1":1,"2":0,"3":1,"4":0},"b":{"0":[0,0],"1":[0,0]},"_coverageSchema":"1a1c01bbd47fc00a2c39e90264f33305004495a9","hash":"c1295dc86151240050e37978041ccd3a7b8a9079"}
,"D:\\Hacktiv\\Phase 2\\Week 3\\iproject\\server\\middlewares\\authentication.js": {"path":"D:\\Hacktiv\\Phase 2\\Week 3\\iproject\\server\\middlewares\\authentication.js","statementMap":{"0":{"start":{"line":1,"column":24},"end":{"line":1,"column":48}},"1":{"start":{"line":2,"column":17},"end":{"line":2,"column":37}},"2":{"start":{"line":4,"column":23},"end":{"line":27,"column":1}},"3":{"start":{"line":5,"column":2},"end":{"line":26,"column":3}},"4":{"start":{"line":6,"column":28},"end":{"line":6,"column":39}},"5":{"start":{"line":8,"column":4},"end":{"line":10,"column":5}},"6":{"start":{"line":9,"column":6},"end":{"line":9,"column":37}},"7":{"start":{"line":12,"column":28},"end":{"line":12,"column":52}},"8":{"start":{"line":14,"column":4},"end":{"line":14,"column":60}},"9":{"start":{"line":14,"column":29},"end":{"line":14,"column":60}},"10":{"start":{"line":16,"column":19},"end":{"line":16,"column":37}},"11":{"start":{"line":18,"column":17},"end":{"line":18,"column":40}},"12":{"start":{"line":19,"column":4},"end":{"line":19,"column":46}},"13":{"start":{"line":19,"column":15},"end":{"line":19,"column":46}},"14":{"start":{"line":21,"column":4},"end":{"line":21,"column":20}},"15":{"start":{"line":23,"column":4},"end":{"line":23,"column":11}},"16":{"start":{"line":25,"column":4},"end":{"line":25,"column":16}},"17":{"start":{"line":29,"column":0},"end":{"line":29,"column":36}}},"fnMap":{"0":{"name":"(anonymous_0)","decl":{"start":{"line":4,"column":23},"end":{"line":4,"column":24}},"loc":{"start":{"line":4,"column":49},"end":{"line":27,"column":1}},"line":4}},"branchMap":{"0":{"loc":{"start":{"line":8,"column":4},"end":{"line":10,"column":5}},"type":"if","locations":[{"start":{"line":8,"column":4},"end":{"line":10,"column":5}},{"start":{},"end":{}}],"line":8},"1":{"loc":{"start":{"line":14,"column":4},"end":{"line":14,"column":60}},"type":"if","locations":[{"start":{"line":14,"column":4},"end":{"line":14,"column":60}},{"start":{},"end":{}}],"line":14},"2":{"loc":{"start":{"line":19,"column":4},"end":{"line":19,"column":46}},"type":"if","locations":[{"start":{"line":19,"column":4},"end":{"line":19,"column":46}},{"start":{},"end":{}}],"line":19}},"s":{"0":4,"1":4,"2":4,"3":16,"4":16,"5":16,"6":4,"7":12,"8":12,"9":0,"10":12,"11":8,"12":8,"13":0,"14":8,"15":8,"16":8,"17":4},"f":{"0":16},"b":{"0":[4,12],"1":[0,12],"2":[0,8]},"_coverageSchema":"1a1c01bbd47fc00a2c39e90264f33305004495a9","hash":"7c03f5c86f10ef380a260d0832f7796a5e805162"}
,"D:\\Hacktiv\\Phase 2\\Week 3\\iproject\\server\\middlewares\\authorization.js": {"path":"D:\\Hacktiv\\Phase 2\\Week 3\\iproject\\server\\middlewares\\authorization.js","statementMap":{"0":{"start":{"line":1,"column":24},"end":{"line":1,"column":48}},"1":{"start":{"line":2,"column":23},"end":{"line":2,"column":43}},"2":{"start":{"line":4,"column":22},"end":{"line":23,"column":3}},"3":{"start":{"line":5,"column":4},"end":{"line":22,"column":5}},"4":{"start":{"line":7,"column":21},"end":{"line":9,"column":9}},"5":{"start":{"line":11,"column":6},"end":{"line":13,"column":7}},"6":{"start":{"line":12,"column":8},"end":{"line":12,"column":33}},"7":{"start":{"line":15,"column":6},"end":{"line":17,"column":7}},"8":{"start":{"line":16,"column":8},"end":{"line":16,"column":34}},"9":{"start":{"line":19,"column":6},"end":{"line":19,"column":12}},"10":{"start":{"line":21,"column":6},"end":{"line":21,"column":17}},"11":{"start":{"line":27,"column":0},"end":{"line":27,"column":32}}},"fnMap":{"0":{"name":"(anonymous_0)","decl":{"start":{"line":4,"column":22},"end":{"line":4,"column":23}},"loc":{"start":{"line":4,"column":48},"end":{"line":23,"column":3}},"line":4}},"branchMap":{"0":{"loc":{"start":{"line":11,"column":6},"end":{"line":13,"column":7}},"type":"if","locations":[{"start":{"line":11,"column":6},"end":{"line":13,"column":7}},{"start":{},"end":{}}],"line":11},"1":{"loc":{"start":{"line":15,"column":6},"end":{"line":17,"column":7}},"type":"if","locations":[{"start":{"line":15,"column":6},"end":{"line":17,"column":7}},{"start":{},"end":{}}],"line":15}},"s":{"0":4,"1":4,"2":4,"3":6,"4":6,"5":6,"6":2,"7":4,"8":1,"9":3,"10":3,"11":4},"f":{"0":6},"b":{"0":[2,4],"1":[1,3]},"_coverageSchema":"1a1c01bbd47fc00a2c39e90264f33305004495a9","hash":"5e121b290c468392d4b9474963bda804f3ac98c8"}
,"D:\\Hacktiv\\Phase 2\\Week 3\\iproject\\server\\middlewares\\errHandler.js": {"path":"D:\\Hacktiv\\Phase 2\\Week 3\\iproject\\server\\middlewares\\errHandler.js","statementMap":{"0":{"start":{"line":1,"column":30},"end":{"line":1,"column":53}},"1":{"start":{"line":3,"column":19},"end":{"line":46,"column":1}},"2":{"start":{"line":4,"column":2},"end":{"line":45,"column":3}},"3":{"start":{"line":6,"column":6},"end":{"line":6,"column":65}},"4":{"start":{"line":7,"column":6},"end":{"line":7,"column":12}},"5":{"start":{"line":9,"column":6},"end":{"line":9,"column":64}},"6":{"start":{"line":10,"column":6},"end":{"line":10,"column":12}},"7":{"start":{"line":12,"column":6},"end":{"line":12,"column":57}},"8":{"start":{"line":13,"column":6},"end":{"line":13,"column":12}},"9":{"start":{"line":15,"column":6},"end":{"line":15,"column":61}},"10":{"start":{"line":16,"column":6},"end":{"line":16,"column":12}},"11":{"start":{"line":18,"column":6},"end":{"line":18,"column":64}},"12":{"start":{"line":19,"column":6},"end":{"line":19,"column":12}},"13":{"start":{"line":21,"column":6},"end":{"line":21,"column":56}},"14":{"start":{"line":22,"column":6},"end":{"line":22,"column":12}},"15":{"start":{"line":24,"column":8},"end":{"line":24,"column":70}},"16":{"start":{"line":25,"column":8},"end":{"line":25,"column":14}},"17":{"start":{"line":27,"column":6},"end":{"line":27,"column":57}},"18":{"start":{"line":28,"column":6},"end":{"line":28,"column":12}},"19":{"start":{"line":30,"column":6},"end":{"line":30,"column":66}},"20":{"start":{"line":31,"column":6},"end":{"line":31,"column":12}},"21":{"start":{"line":33,"column":6},"end":{"line":33,"column":57}},"22":{"start":{"line":34,"column":6},"end":{"line":34,"column":12}},"23":{"start":{"line":36,"column":6},"end":{"line":36,"column":53}},"24":{"start":{"line":37,"column":6},"end":{"line":37,"column":12}},"25":{"start":{"line":40,"column":6},"end":{"line":40,"column":53}},"26":{"start":{"line":41,"column":6},"end":{"line":41,"column":12}},"27":{"start":{"line":43,"column":6},"end":{"line":43,"column":65}},"28":{"start":{"line":44,"column":6},"end":{"line":44,"column":12}},"29":{"start":{"line":48,"column":0},"end":{"line":48,"column":28}}},"fnMap":{"0":{"name":"(anonymous_0)","decl":{"start":{"line":3,"column":19},"end":{"line":3,"column":20}},"loc":{"start":{"line":3,"column":46},"end":{"line":46,"column":1}},"line":3}},"branchMap":{"0":{"loc":{"start":{"line":4,"column":2},"end":{"line":45,"column":3}},"type":"switch","locations":[{"start":{"line":5,"column":4},"end":{"line":7,"column":12}},{"start":{"line":8,"column":4},"end":{"line":10,"column":12}},{"start":{"line":11,"column":4},"end":{"line":13,"column":12}},{"start":{"line":14,"column":4},"end":{"line":16,"column":12}},{"start":{"line":17,"column":4},"end":{"line":19,"column":12}},{"start":{"line":20,"column":4},"end":{"line":22,"column":12}},{"start":{"line":23,"column":4},"end":{"line":25,"column":14}},{"start":{"line":26,"column":4},"end":{"line":28,"column":12}},{"start":{"line":29,"column":4},"end":{"line":31,"column":12}},{"start":{"line":32,"column":4},"end":{"line":34,"column":12}},{"start":{"line":35,"column":4},"end":{"line":37,"column":12}},{"start":{"line":39,"column":4},"end":{"line":41,"column":12}},{"start":{"line":42,"column":4},"end":{"line":44,"column":12}}],"line":4}},"s":{"0":4,"1":4,"2":29,"3":5,"4":5,"5":1,"6":1,"7":6,"8":6,"9":1,"10":1,"11":2,"12":2,"13":0,"14":0,"15":0,"16":0,"17":1,"18":1,"19":2,"20":2,"21":5,"22":5,"23":3,"24":3,"25":2,"26":2,"27":1,"28":1,"29":4},"f":{"0":29},"b":{"0":[5,1,6,1,2,0,0,1,2,5,3,2,1]},"_coverageSchema":"1a1c01bbd47fc00a2c39e90264f33305004495a9","hash":"22a47786f80fb7b148c924cd8d002c4bd45638c1"}
,"D:\\Hacktiv\\Phase 2\\Week 3\\iproject\\server\\models\\index.js": {"path":"D:\\Hacktiv\\Phase 2\\Week 3\\iproject\\server\\models\\index.js","statementMap":{"0":{"start":{"line":3,"column":11},"end":{"line":3,"column":24}},"1":{"start":{"line":4,"column":13},"end":{"line":4,"column":28}},"2":{"start":{"line":5,"column":18},"end":{"line":5,"column":38}},"3":{"start":{"line":6,"column":16},"end":{"line":6,"column":34}},"4":{"start":{"line":7,"column":17},"end":{"line":7,"column":42}},"5":{"start":{"line":8,"column":12},"end":{"line":8,"column":49}},"6":{"start":{"line":9,"column":15},"end":{"line":9,"column":65}},"7":{"start":{"line":10,"column":11},"end":{"line":10,"column":13}},"8":{"start":{"line":13,"column":0},"end":{"line":17,"column":1}},"9":{"start":{"line":14,"column":2},"end":{"line":14,"column":74}},"10":{"start":{"line":16,"column":2},"end":{"line":16,"column":87}},"11":{"start":{"line":19,"column":0},"end":{"line":32,"column":5}},"12":{"start":{"line":22,"column":4},"end":{"line":27,"column":6}},"13":{"start":{"line":30,"column":18},"end":{"line":30,"column":85}},"14":{"start":{"line":31,"column":4},"end":{"line":31,"column":27}},"15":{"start":{"line":34,"column":0},"end":{"line":38,"column":3}},"16":{"start":{"line":35,"column":2},"end":{"line":37,"column":3}},"17":{"start":{"line":36,"column":4},"end":{"line":36,"column":32}},"18":{"start":{"line":40,"column":0},"end":{"line":40,"column":25}},"19":{"start":{"line":41,"column":0},"end":{"line":41,"column":25}},"20":{"start":{"line":43,"column":0},"end":{"line":43,"column":20}}},"fnMap":{"0":{"name":"(anonymous_0)","decl":{"start":{"line":21,"column":10},"end":{"line":21,"column":11}},"loc":{"start":{"line":21,"column":18},"end":{"line":28,"column":3}},"line":21},"1":{"name":"(anonymous_1)","decl":{"start":{"line":29,"column":11},"end":{"line":29,"column":12}},"loc":{"start":{"line":29,"column":19},"end":{"line":32,"column":3}},"line":29},"2":{"name":"(anonymous_2)","decl":{"start":{"line":34,"column":24},"end":{"line":34,"column":25}},"loc":{"start":{"line":34,"column":37},"end":{"line":38,"column":1}},"line":34}},"branchMap":{"0":{"loc":{"start":{"line":8,"column":12},"end":{"line":8,"column":49}},"type":"binary-expr","locations":[{"start":{"line":8,"column":12},"end":{"line":8,"column":32}},{"start":{"line":8,"column":36},"end":{"line":8,"column":49}}],"line":8},"1":{"loc":{"start":{"line":13,"column":0},"end":{"line":17,"column":1}},"type":"if","locations":[{"start":{"line":13,"column":0},"end":{"line":17,"column":1}},{"start":{"line":15,"column":7},"end":{"line":17,"column":1}}],"line":13},"2":{"loc":{"start":{"line":23,"column":6},"end":{"line":26,"column":37}},"type":"binary-expr","locations":[{"start":{"line":23,"column":6},"end":{"line":23,"column":29}},{"start":{"line":24,"column":6},"end":{"line":24,"column":23}},{"start":{"line":25,"column":6},"end":{"line":25,"column":30}},{"start":{"line":26,"column":6},"end":{"line":26,"column":37}}],"line":23},"3":{"loc":{"start":{"line":35,"column":2},"end":{"line":37,"column":3}},"type":"if","locations":[{"start":{"line":35,"column":2},"end":{"line":37,"column":3}},{"start":{},"end":{}}],"line":35}},"s":{"0":4,"1":4,"2":4,"3":4,"4":4,"5":4,"6":4,"7":4,"8":4,"9":0,"10":4,"11":4,"12":12,"13":8,"14":8,"15":4,"16":8,"17":8,"18":4,"19":4,"20":4},"f":{"0":12,"1":8,"2":8},"b":{"0":[4,0],"1":[0,4],"2":[12,12,8,8],"3":[8,0]},"_coverageSchema":"1a1c01bbd47fc00a2c39e90264f33305004495a9","hash":"fc3077f8eb7aed1a62d70ffa9a05984fba870ddd"}
,"D:\\Hacktiv\\Phase 2\\Week 3\\iproject\\server\\models\\ticket.js": {"path":"D:\\Hacktiv\\Phase 2\\Week 3\\iproject\\server\\models\\ticket.js","statementMap":{"0":{"start":{"line":2,"column":18},"end":{"line":2,"column":38}},"1":{"start":{"line":3,"column":0},"end":{"line":75,"column":2}},"2":{"start":{"line":12,"column":6},"end":{"line":12,"column":36}},"3":{"start":{"line":15,"column":2},"end":{"line":73,"column":4}},"4":{"start":{"line":74,"column":2},"end":{"line":74,"column":16}}},"fnMap":{"0":{"name":"(anonymous_0)","decl":{"start":{"line":3,"column":17},"end":{"line":3,"column":18}},"loc":{"start":{"line":3,"column":43},"end":{"line":75,"column":1}},"line":3},"1":{"name":"(anonymous_1)","decl":{"start":{"line":10,"column":4},"end":{"line":10,"column":5}},"loc":{"start":{"line":10,"column":29},"end":{"line":13,"column":5}},"line":10}},"branchMap":{},"s":{"0":4,"1":4,"2":4,"3":4,"4":4},"f":{"0":4,"1":4},"b":{},"_coverageSchema":"1a1c01bbd47fc00a2c39e90264f33305004495a9","hash":"c1dc3da8db56bba1d4fcd1c5ccbdafa2d2fbb0ee"}
,"D:\\Hacktiv\\Phase 2\\Week 3\\iproject\\server\\models\\user.js": {"path":"D:\\Hacktiv\\Phase 2\\Week 3\\iproject\\server\\models\\user.js","statementMap":{"0":{"start":{"line":2,"column":18},"end":{"line":2,"column":38}},"1":{"start":{"line":3,"column":25},"end":{"line":3,"column":52}},"2":{"start":{"line":4,"column":0},"end":{"line":68,"column":2}},"3":{"start":{"line":13,"column":6},"end":{"line":13,"column":34}},"4":{"start":{"line":16,"column":2},"end":{"line":66,"column":4}},"5":{"start":{"line":60,"column":10},"end":{"line":60,"column":54}},"6":{"start":{"line":67,"column":2},"end":{"line":67,"column":14}}},"fnMap":{"0":{"name":"(anonymous_0)","decl":{"start":{"line":4,"column":17},"end":{"line":4,"column":18}},"loc":{"start":{"line":4,"column":43},"end":{"line":68,"column":1}},"line":4},"1":{"name":"(anonymous_1)","decl":{"start":{"line":11,"column":4},"end":{"line":11,"column":5}},"loc":{"start":{"line":11,"column":29},"end":{"line":14,"column":5}},"line":11},"2":{"name":"(anonymous_2)","decl":{"start":{"line":59,"column":8},"end":{"line":59,"column":9}},"loc":{"start":{"line":59,"column":27},"end":{"line":61,"column":9}},"line":59}},"branchMap":{},"s":{"0":4,"1":4,"2":4,"3":4,"4":4,"5":5,"6":4},"f":{"0":4,"1":4,"2":5},"b":{},"_coverageSchema":"1a1c01bbd47fc00a2c39e90264f33305004495a9","hash":"cff852e5a247779384cc2bbc498859b8344f12e7"}
,"D:\\Hacktiv\\Phase 2\\Week 3\\iproject\\server\\routers\\index.js": {"path":"D:\\Hacktiv\\Phase 2\\Week 3\\iproject\\server\\routers\\index.js","statementMap":{"0":{"start":{"line":1,"column":16},"end":{"line":1,"column":34}},"1":{"start":{"line":2,"column":15},"end":{"line":2,"column":31}},"2":{"start":{"line":3,"column":19},"end":{"line":3,"column":55}},"3":{"start":{"line":4,"column":27},"end":{"line":4,"column":67}},"4":{"start":{"line":5,"column":42},"end":{"line":5,"column":81}},"5":{"start":{"line":7,"column":0},"end":{"line":7,"column":46}},"6":{"start":{"line":8,"column":0},"end":{"line":8,"column":40}},"7":{"start":{"line":10,"column":0},"end":{"line":10,"column":59}},"8":{"start":{"line":11,"column":0},"end":{"line":11,"column":66}},"9":{"start":{"line":12,"column":0},"end":{"line":12,"column":64}},"10":{"start":{"line":14,"column":0},"end":{"line":14,"column":52}},"11":{"start":{"line":16,"column":0},"end":{"line":16,"column":49}},"12":{"start":{"line":18,"column":0},"end":{"line":18,"column":59}},"13":{"start":{"line":20,"column":0},"end":{"line":20,"column":27}},"14":{"start":{"line":22,"column":0},"end":{"line":22,"column":58}},"15":{"start":{"line":23,"column":0},"end":{"line":23,"column":50}},"16":{"start":{"line":24,"column":0},"end":{"line":24,"column":61}},"17":{"start":{"line":26,"column":0},"end":{"line":26,"column":51}},"18":{"start":{"line":27,"column":0},"end":{"line":27,"column":75}},"19":{"start":{"line":29,"column":0},"end":{"line":29,"column":74}},"20":{"start":{"line":33,"column":0},"end":{"line":33,"column":24}}},"fnMap":{},"branchMap":{},"s":{"0":4,"1":4,"2":4,"3":4,"4":4,"5":4,"6":4,"7":4,"8":4,"9":4,"10":4,"11":4,"12":4,"13":4,"14":4,"15":4,"16":4,"17":4,"18":4,"19":4,"20":4},"f":{},"b":{},"_coverageSchema":"1a1c01bbd47fc00a2c39e90264f33305004495a9","hash":"6dca491107d0ee910b1dd0dc2af47cb19d227c52"}
}
