{"D:\\Hacktiv\\Phase 2\\Week 3\\iproject\\server\\app.js": {"path":"D:\\Hacktiv\\Phase 2\\Week 3\\iproject\\server\\app.js","statementMap":{"0":{"start":{"line":1,"column":16},"end":{"line":1,"column":34}},"1":{"start":{"line":3,"column":19},"end":{"line":3,"column":54}},"2":{"start":{"line":4,"column":12},"end":{"line":4,"column":21}},"3":{"start":{"line":6,"column":13},"end":{"line":6,"column":28}},"4":{"start":{"line":7,"column":15},"end":{"line":7,"column":35}},"5":{"start":{"line":8,"column":0},"end":{"line":8,"column":16}},"6":{"start":{"line":10,"column":0},"end":{"line":10,"column":48}},"7":{"start":{"line":11,"column":0},"end":{"line":11,"column":24}},"8":{"start":{"line":13,"column":0},"end":{"line":13,"column":16}},"9":{"start":{"line":15,"column":0},"end":{"line":15,"column":20}},"10":{"start":{"line":17,"column":0},"end":{"line":17,"column":21}}},"fnMap":{},"branchMap":{},"s":{"0":1,"1":1,"2":1,"3":1,"4":1,"5":1,"6":1,"7":1,"8":1,"9":1,"10":1},"f":{},"b":{},"_coverageSchema":"1a1c01bbd47fc00a2c39e90264f33305004495a9","hash":"3725eb7b20173ab4fe67c0a769d6c5722908811f"}
,"D:\\Hacktiv\\Phase 2\\Week 3\\iproject\\server\\controllers\\controller.js": {"path":"D:\\Hacktiv\\Phase 2\\Week 3\\iproject\\server\\controllers\\controller.js","statementMap":{"0":{"start":{"line":1,"column":42},"end":{"line":1,"column":69}},"1":{"start":{"line":2,"column":35},"end":{"line":2,"column":59}},"2":{"start":{"line":3,"column":18},"end":{"line":3,"column":45}},"3":{"start":{"line":4,"column":25},"end":{"line":4,"column":45}},"4":{"start":{"line":5,"column":14},"end":{"line":5,"column":30}},"5":{"start":{"line":6,"column":25},"end":{"line":6,"column":55}},"6":{"start":{"line":7,"column":15},"end":{"line":7,"column":33}},"7":{"start":{"line":8,"column":23},"end":{"line":8,"column":49}},"8":{"start":{"line":14,"column":4},"end":{"line":25,"column":5}},"9":{"start":{"line":15,"column":6},"end":{"line":19,"column":9}},"10":{"start":{"line":21,"column":6},"end":{"line":21,"column":65}},"11":{"start":{"line":23,"column":6},"end":{"line":23,"column":25}},"12":{"start":{"line":24,"column":6},"end":{"line":24,"column":18}},"13":{"start":{"line":29,"column":4},"end":{"line":55,"column":5}},"14":{"start":{"line":31,"column":6},"end":{"line":31,"column":59}},"15":{"start":{"line":31,"column":27},"end":{"line":31,"column":59}},"16":{"start":{"line":32,"column":6},"end":{"line":32,"column":65}},"17":{"start":{"line":32,"column":30},"end":{"line":32,"column":65}},"18":{"start":{"line":34,"column":23},"end":{"line":38,"column":8}},"19":{"start":{"line":40,"column":6},"end":{"line":40,"column":52}},"20":{"start":{"line":40,"column":21},"end":{"line":40,"column":52}},"21":{"start":{"line":42,"column":24},"end":{"line":42,"column":77}},"22":{"start":{"line":44,"column":6},"end":{"line":44,"column":53}},"23":{"start":{"line":44,"column":22},"end":{"line":44,"column":53}},"24":{"start":{"line":48,"column":22},"end":{"line":48,"column":41}},"25":{"start":{"line":49,"column":27},"end":{"line":49,"column":45}},"26":{"start":{"line":51,"column":6},"end":{"line":51,"column":71}},"27":{"start":{"line":53,"column":6},"end":{"line":53,"column":25}},"28":{"start":{"line":54,"column":6},"end":{"line":54,"column":18}},"29":{"start":{"line":59,"column":29},"end":{"line":59,"column":59}},"30":{"start":{"line":60,"column":19},"end":{"line":60,"column":37}},"31":{"start":{"line":62,"column":4},"end":{"line":99,"column":5}},"32":{"start":{"line":63,"column":26},"end":{"line":63,"column":46}},"33":{"start":{"line":64,"column":6},"end":{"line":66,"column":7}},"34":{"start":{"line":65,"column":8},"end":{"line":65,"column":39}},"35":{"start":{"line":68,"column":21},"end":{"line":74,"column":8}},"36":{"start":{"line":75,"column":6},"end":{"line":75,"column":50}},"37":{"start":{"line":75,"column":19},"end":{"line":75,"column":50}},"38":{"start":{"line":77,"column":22},"end":{"line":77,"column":41}},"39":{"start":{"line":79,"column":17},"end":{"line":83,"column":8}},"40":{"start":{"line":85,"column":6},"end":{"line":91,"column":7}},"41":{"start":{"line":86,"column":8},"end":{"line":90,"column":11}},"42":{"start":{"line":93,"column":27},"end":{"line":93,"column":53}},"43":{"start":{"line":95,"column":6},"end":{"line":95,"column":78}},"44":{"start":{"line":97,"column":6},"end":{"line":97,"column":25}},"45":{"start":{"line":98,"column":6},"end":{"line":98,"column":18}},"46":{"start":{"line":103,"column":4},"end":{"line":121,"column":5}},"47":{"start":{"line":105,"column":19},"end":{"line":109,"column":8}},"48":{"start":{"line":111,"column":6},"end":{"line":111,"column":48}},"49":{"start":{"line":111,"column":17},"end":{"line":111,"column":48}},"50":{"start":{"line":113,"column":22},"end":{"line":113,"column":56}},"51":{"start":{"line":114,"column":20},"end":{"line":114,"column":38}},"52":{"start":{"line":116,"column":19},"end":{"line":116,"column":77}},"53":{"start":{"line":118,"column":6},"end":{"line":118,"column":46}},"54":{"start":{"line":120,"column":6},"end":{"line":120,"column":18}},"55":{"start":{"line":125,"column":4},"end":{"line":144,"column":5}},"56":{"start":{"line":126,"column":28},"end":{"line":126,"column":38}},"57":{"start":{"line":128,"column":19},"end":{"line":128,"column":37}},"58":{"start":{"line":132,"column":6},"end":{"line":132,"column":57}},"59":{"start":{"line":132,"column":29},"end":{"line":132,"column":57}},"60":{"start":{"line":134,"column":19},"end":{"line":134,"column":42}},"61":{"start":{"line":135,"column":6},"end":{"line":135,"column":45}},"62":{"start":{"line":135,"column":17},"end":{"line":135,"column":45}},"63":{"start":{"line":137,"column":22},"end":{"line":137,"column":53}},"64":{"start":{"line":139,"column":19},"end":{"line":139,"column":59}},"65":{"start":{"line":141,"column":6},"end":{"line":141,"column":66}},"66":{"start":{"line":143,"column":6},"end":{"line":143,"column":18}},"67":{"start":{"line":148,"column":4},"end":{"line":163,"column":5}},"68":{"start":{"line":149,"column":28},"end":{"line":149,"column":38}},"69":{"start":{"line":152,"column":19},"end":{"line":152,"column":56}},"70":{"start":{"line":153,"column":6},"end":{"line":153,"column":48}},"71":{"start":{"line":153,"column":17},"end":{"line":153,"column":48}},"72":{"start":{"line":155,"column":21},"end":{"line":155,"column":39}},"73":{"start":{"line":158,"column":6},"end":{"line":158,"column":47}},"74":{"start":{"line":160,"column":6},"end":{"line":160,"column":60}},"75":{"start":{"line":162,"column":6},"end":{"line":162,"column":18}},"76":{"start":{"line":167,"column":4},"end":{"line":184,"column":5}},"77":{"start":{"line":168,"column":23},"end":{"line":177,"column":8}},"78":{"start":{"line":178,"column":6},"end":{"line":178,"column":48}},"79":{"start":{"line":178,"column":17},"end":{"line":178,"column":48}},"80":{"start":{"line":180,"column":6},"end":{"line":180,"column":33}},"81":{"start":{"line":182,"column":6},"end":{"line":182,"column":25}},"82":{"start":{"line":183,"column":6},"end":{"line":183,"column":18}},"83":{"start":{"line":188,"column":4},"end":{"line":210,"column":5}},"84":{"start":{"line":189,"column":6},"end":{"line":189,"column":25}},"85":{"start":{"line":192,"column":23},"end":{"line":201,"column":8}},"86":{"start":{"line":202,"column":6},"end":{"line":202,"column":78}},"87":{"start":{"line":204,"column":6},"end":{"line":204,"column":29}},"88":{"start":{"line":206,"column":6},"end":{"line":206,"column":33}},"89":{"start":{"line":208,"column":6},"end":{"line":208,"column":25}},"90":{"start":{"line":209,"column":6},"end":{"line":209,"column":18}},"91":{"start":{"line":214,"column":4},"end":{"line":229,"column":5}},"92":{"start":{"line":217,"column":21},"end":{"line":221,"column":8}},"93":{"start":{"line":222,"column":6},"end":{"line":222,"column":51}},"94":{"start":{"line":222,"column":19},"end":{"line":222,"column":51}},"95":{"start":{"line":225,"column":6},"end":{"line":225,"column":35}},"96":{"start":{"line":227,"column":6},"end":{"line":227,"column":25}},"97":{"start":{"line":228,"column":6},"end":{"line":228,"column":18}},"98":{"start":{"line":233,"column":4},"end":{"line":249,"column":5}},"99":{"start":{"line":235,"column":25},"end":{"line":235,"column":61}},"100":{"start":{"line":236,"column":6},"end":{"line":238,"column":7}},"101":{"start":{"line":237,"column":8},"end":{"line":237,"column":35}},"102":{"start":{"line":240,"column":6},"end":{"line":244,"column":9}},"103":{"start":{"line":246,"column":6},"end":{"line":246,"column":95}},"104":{"start":{"line":248,"column":6},"end":{"line":248,"column":18}},"105":{"start":{"line":257,"column":4},"end":{"line":268,"column":5}},"106":{"start":{"line":258,"column":21},"end":{"line":263,"column":8}},"107":{"start":{"line":264,"column":6},"end":{"line":264,"column":26}},"108":{"start":{"line":265,"column":6},"end":{"line":265,"column":35}},"109":{"start":{"line":267,"column":6},"end":{"line":267,"column":18}},"110":{"start":{"line":272,"column":4},"end":{"line":278,"column":5}},"111":{"start":{"line":273,"column":21},"end":{"line":273,"column":57}},"112":{"start":{"line":274,"column":6},"end":{"line":274,"column":46}},"113":{"start":{"line":274,"column":19},"end":{"line":274,"column":46}},"114":{"start":{"line":275,"column":6},"end":{"line":275,"column":35}},"115":{"start":{"line":277,"column":6},"end":{"line":277,"column":18}},"116":{"start":{"line":282,"column":4},"end":{"line":317,"column":5}},"117":{"start":{"line":284,"column":17},"end":{"line":288,"column":8}},"118":{"start":{"line":290,"column":23},"end":{"line":290,"column":47}},"119":{"start":{"line":291,"column":22},"end":{"line":307,"column":7}},"120":{"start":{"line":309,"column":26},"end":{"line":309,"column":65}},"121":{"start":{"line":310,"column":29},"end":{"line":310,"column":46}},"122":{"start":{"line":312,"column":6},"end":{"line":314,"column":72}},"123":{"start":{"line":316,"column":6},"end":{"line":316,"column":18}},"124":{"start":{"line":321,"column":4},"end":{"line":350,"column":5}},"125":{"start":{"line":325,"column":21},"end":{"line":325,"column":57}},"126":{"start":{"line":326,"column":6},"end":{"line":326,"column":71}},"127":{"start":{"line":326,"column":41},"end":{"line":326,"column":71}},"128":{"start":{"line":329,"column":6},"end":{"line":336,"column":8}},"129":{"start":{"line":338,"column":19},"end":{"line":338,"column":55}},"130":{"start":{"line":342,"column":19},"end":{"line":342,"column":69}},"131":{"start":{"line":343,"column":6},"end":{"line":343,"column":48}},"132":{"start":{"line":343,"column":17},"end":{"line":343,"column":48}},"133":{"start":{"line":344,"column":8},"end":{"line":344,"column":26}},"134":{"start":{"line":345,"column":6},"end":{"line":345,"column":57}},"135":{"start":{"line":347,"column":6},"end":{"line":347,"column":63}},"136":{"start":{"line":349,"column":6},"end":{"line":349,"column":18}},"137":{"start":{"line":354,"column":0},"end":{"line":354,"column":28}}},"fnMap":{"0":{"name":"(anonymous_0)","decl":{"start":{"line":13,"column":2},"end":{"line":13,"column":3}},"loc":{"start":{"line":13,"column":40},"end":{"line":26,"column":3}},"line":13},"1":{"name":"(anonymous_1)","decl":{"start":{"line":28,"column":2},"end":{"line":28,"column":3}},"loc":{"start":{"line":28,"column":37},"end":{"line":56,"column":3}},"line":28},"2":{"name":"(anonymous_2)","decl":{"start":{"line":58,"column":2},"end":{"line":58,"column":3}},"loc":{"start":{"line":58,"column":43},"end":{"line":100,"column":3}},"line":58},"3":{"name":"(anonymous_3)","decl":{"start":{"line":102,"column":2},"end":{"line":102,"column":3}},"loc":{"start":{"line":102,"column":46},"end":{"line":122,"column":3}},"line":102},"4":{"name":"(anonymous_4)","decl":{"start":{"line":124,"column":2},"end":{"line":124,"column":3}},"loc":{"start":{"line":124,"column":43},"end":{"line":145,"column":3}},"line":124},"5":{"name":"(anonymous_5)","decl":{"start":{"line":147,"column":2},"end":{"line":147,"column":3}},"loc":{"start":{"line":147,"column":45},"end":{"line":164,"column":3}},"line":147},"6":{"name":"(anonymous_6)","decl":{"start":{"line":166,"column":2},"end":{"line":166,"column":3}},"loc":{"start":{"line":166,"column":43},"end":{"line":185,"column":3}},"line":166},"7":{"name":"(anonymous_7)","decl":{"start":{"line":187,"column":2},"end":{"line":187,"column":3}},"loc":{"start":{"line":187,"column":46},"end":{"line":211,"column":3}},"line":187},"8":{"name":"(anonymous_8)","decl":{"start":{"line":213,"column":2},"end":{"line":213,"column":3}},"loc":{"start":{"line":213,"column":45},"end":{"line":230,"column":3}},"line":213},"9":{"name":"(anonymous_9)","decl":{"start":{"line":232,"column":2},"end":{"line":232,"column":3}},"loc":{"start":{"line":232,"column":44},"end":{"line":250,"column":3}},"line":232},"10":{"name":"(anonymous_10)","decl":{"start":{"line":252,"column":2},"end":{"line":252,"column":3}},"loc":{"start":{"line":252,"column":44},"end":{"line":269,"column":3}},"line":252},"11":{"name":"(anonymous_11)","decl":{"start":{"line":271,"column":2},"end":{"line":271,"column":3}},"loc":{"start":{"line":271,"column":41},"end":{"line":279,"column":3}},"line":271},"12":{"name":"(anonymous_12)","decl":{"start":{"line":281,"column":2},"end":{"line":281,"column":3}},"loc":{"start":{"line":281,"column":47},"end":{"line":318,"column":3}},"line":281},"13":{"name":"(anonymous_13)","decl":{"start":{"line":320,"column":2},"end":{"line":320,"column":3}},"loc":{"start":{"line":320,"column":45},"end":{"line":351,"column":3}},"line":320}},"branchMap":{"0":{"loc":{"start":{"line":31,"column":6},"end":{"line":31,"column":59}},"type":"if","locations":[{"start":{"line":31,"column":6},"end":{"line":31,"column":59}},{"start":{},"end":{}}],"line":31},"1":{"loc":{"start":{"line":32,"column":6},"end":{"line":32,"column":65}},"type":"if","locations":[{"start":{"line":32,"column":6},"end":{"line":32,"column":65}},{"start":{},"end":{}}],"line":32},"2":{"loc":{"start":{"line":40,"column":6},"end":{"line":40,"column":52}},"type":"if","locations":[{"start":{"line":40,"column":6},"end":{"line":40,"column":52}},{"start":{},"end":{}}],"line":40},"3":{"loc":{"start":{"line":44,"column":6},"end":{"line":44,"column":53}},"type":"if","locations":[{"start":{"line":44,"column":6},"end":{"line":44,"column":53}},{"start":{},"end":{}}],"line":44},"4":{"loc":{"start":{"line":64,"column":6},"end":{"line":66,"column":7}},"type":"if","locations":[{"start":{"line":64,"column":6},"end":{"line":66,"column":7}},{"start":{},"end":{}}],"line":64},"5":{"loc":{"start":{"line":75,"column":6},"end":{"line":75,"column":50}},"type":"if","locations":[{"start":{"line":75,"column":6},"end":{"line":75,"column":50}},{"start":{},"end":{}}],"line":75},"6":{"loc":{"start":{"line":85,"column":6},"end":{"line":91,"column":7}},"type":"if","locations":[{"start":{"line":85,"column":6},"end":{"line":91,"column":7}},{"start":{},"end":{}}],"line":85},"7":{"loc":{"start":{"line":111,"column":6},"end":{"line":111,"column":48}},"type":"if","locations":[{"start":{"line":111,"column":6},"end":{"line":111,"column":48}},{"start":{},"end":{}}],"line":111},"8":{"loc":{"start":{"line":132,"column":6},"end":{"line":132,"column":57}},"type":"if","locations":[{"start":{"line":132,"column":6},"end":{"line":132,"column":57}},{"start":{},"end":{}}],"line":132},"9":{"loc":{"start":{"line":135,"column":6},"end":{"line":135,"column":45}},"type":"if","locations":[{"start":{"line":135,"column":6},"end":{"line":135,"column":45}},{"start":{},"end":{}}],"line":135},"10":{"loc":{"start":{"line":153,"column":6},"end":{"line":153,"column":48}},"type":"if","locations":[{"start":{"line":153,"column":6},"end":{"line":153,"column":48}},{"start":{},"end":{}}],"line":153},"11":{"loc":{"start":{"line":178,"column":6},"end":{"line":178,"column":48}},"type":"if","locations":[{"start":{"line":178,"column":6},"end":{"line":178,"column":48}},{"start":{},"end":{}}],"line":178},"12":{"loc":{"start":{"line":222,"column":6},"end":{"line":222,"column":51}},"type":"if","locations":[{"start":{"line":222,"column":6},"end":{"line":222,"column":51}},{"start":{},"end":{}}],"line":222},"13":{"loc":{"start":{"line":236,"column":6},"end":{"line":238,"column":7}},"type":"if","locations":[{"start":{"line":236,"column":6},"end":{"line":238,"column":7}},{"start":{},"end":{}}],"line":236},"14":{"loc":{"start":{"line":274,"column":6},"end":{"line":274,"column":46}},"type":"if","locations":[{"start":{"line":274,"column":6},"end":{"line":274,"column":46}},{"start":{},"end":{}}],"line":274},"15":{"loc":{"start":{"line":326,"column":6},"end":{"line":326,"column":71}},"type":"if","locations":[{"start":{"line":326,"column":6},"end":{"line":326,"column":71}},{"start":{},"end":{}}],"line":326},"16":{"loc":{"start":{"line":343,"column":6},"end":{"line":343,"column":48}},"type":"if","locations":[{"start":{"line":343,"column":6},"end":{"line":343,"column":48}},{"start":{},"end":{}}],"line":343}},"s":{"0":1,"1":1,"2":1,"3":1,"4":1,"5":1,"6":1,"7":1,"8":0,"9":0,"10":0,"11":0,"12":0,"13":0,"14":0,"15":0,"16":0,"17":0,"18":0,"19":0,"20":0,"21":0,"22":0,"23":0,"24":0,"25":0,"26":0,"27":0,"28":0,"29":0,"30":0,"31":0,"32":0,"33":0,"34":0,"35":0,"36":0,"37":0,"38":0,"39":0,"40":0,"41":0,"42":0,"43":0,"44":0,"45":0,"46":0,"47":0,"48":0,"49":0,"50":0,"51":0,"52":0,"53":0,"54":0,"55":0,"56":0,"57":0,"58":0,"59":0,"60":0,"61":0,"62":0,"63":0,"64":0,"65":0,"66":0,"67":0,"68":0,"69":0,"70":0,"71":0,"72":0,"73":0,"74":0,"75":0,"76":0,"77":0,"78":0,"79":0,"80":0,"81":0,"82":0,"83":0,"84":0,"85":0,"86":0,"87":0,"88":0,"89":0,"90":0,"91":0,"92":0,"93":0,"94":0,"95":0,"96":0,"97":0,"98":0,"99":0,"100":0,"101":0,"102":0,"103":0,"104":0,"105":0,"106":0,"107":0,"108":0,"109":0,"110":0,"111":0,"112":0,"113":0,"114":0,"115":0,"116":0,"117":0,"118":0,"119":0,"120":0,"121":0,"122":0,"123":0,"124":0,"125":0,"126":0,"127":0,"128":0,"129":0,"130":0,"131":0,"132":0,"133":0,"134":0,"135":0,"136":0,"137":1},"f":{"0":0,"1":0,"2":0,"3":0,"4":0,"5":0,"6":0,"7":0,"8":0,"9":0,"10":0,"11":0,"12":0,"13":0},"b":{"0":[0,0],"1":[0,0],"2":[0,0],"3":[0,0],"4":[0,0],"5":[0,0],"6":[0,0],"7":[0,0],"8":[0,0],"9":[0,0],"10":[0,0],"11":[0,0],"12":[0,0],"13":[0,0],"14":[0,0],"15":[0,0],"16":[0,0]},"_coverageSchema":"1a1c01bbd47fc00a2c39e90264f33305004495a9","hash":"6fba555841a73672b298df2c857d63faba7b3630"}
,"D:\\Hacktiv\\Phase 2\\Week 3\\iproject\\server\\helper\\bcrypt.js": {"path":"D:\\Hacktiv\\Phase 2\\Week 3\\iproject\\server\\helper\\bcrypt.js","statementMap":{"0":{"start":{"line":1,"column":15},"end":{"line":1,"column":34}},"1":{"start":{"line":3,"column":21},"end":{"line":8,"column":1}},"2":{"start":{"line":4,"column":15},"end":{"line":4,"column":37}},"3":{"start":{"line":5,"column":15},"end":{"line":5,"column":53}},"4":{"start":{"line":7,"column":4},"end":{"line":7,"column":15}},"5":{"start":{"line":10,"column":24},"end":{"line":14,"column":1}},"6":{"start":{"line":11,"column":18},"end":{"line":11,"column":69}},"7":{"start":{"line":13,"column":4},"end":{"line":13,"column":18}},"8":{"start":{"line":16,"column":0},"end":{"line":16,"column":47}}},"fnMap":{"0":{"name":"(anonymous_0)","decl":{"start":{"line":3,"column":21},"end":{"line":3,"column":22}},"loc":{"start":{"line":3,"column":41},"end":{"line":8,"column":1}},"line":3},"1":{"name":"(anonymous_1)","decl":{"start":{"line":10,"column":24},"end":{"line":10,"column":25}},"loc":{"start":{"line":10,"column":59},"end":{"line":14,"column":1}},"line":10}},"branchMap":{},"s":{"0":1,"1":1,"2":1,"3":1,"4":1,"5":1,"6":0,"7":0,"8":1},"f":{"0":1,"1":0},"b":{},"_coverageSchema":"1a1c01bbd47fc00a2c39e90264f33305004495a9","hash":"6fbeead7512b364fa2aa60098dead6ce7ec7ae09"}
,"D:\\Hacktiv\\Phase 2\\Week 3\\iproject\\server\\helper\\jwt.js": {"path":"D:\\Hacktiv\\Phase 2\\Week 3\\iproject\\server\\helper\\jwt.js","statementMap":{"0":{"start":{"line":1,"column":12},"end":{"line":1,"column":35}},"1":{"start":{"line":2,"column":15},"end":{"line":2,"column":34}},"2":{"start":{"line":4,"column":18},"end":{"line":8,"column":1}},"3":{"start":{"line":5,"column":16},"end":{"line":5,"column":40}},"4":{"start":{"line":7,"column":4},"end":{"line":7,"column":16}},"5":{"start":{"line":10,"column":20},"end":{"line":14,"column":1}},"6":{"start":{"line":11,"column":17},"end":{"line":11,"column":41}},"7":{"start":{"line":13,"column":4},"end":{"line":13,"column":17}},"8":{"start":{"line":16,"column":0},"end":{"line":16,"column":40}}},"fnMap":{"0":{"name":"(anonymous_0)","decl":{"start":{"line":4,"column":18},"end":{"line":4,"column":19}},"loc":{"start":{"line":4,"column":30},"end":{"line":8,"column":1}},"line":4},"1":{"name":"(anonymous_1)","decl":{"start":{"line":10,"column":20},"end":{"line":10,"column":21}},"loc":{"start":{"line":10,"column":30},"end":{"line":14,"column":1}},"line":10}},"branchMap":{},"s":{"0":1,"1":1,"2":1,"3":1,"4":1,"5":1,"6":1,"7":1,"8":1},"f":{"0":1,"1":1},"b":{},"_coverageSchema":"1a1c01bbd47fc00a2c39e90264f33305004495a9","hash":"a835ef2a10da46bf201c38b80ed289839da302f1"}
,"D:\\Hacktiv\\Phase 2\\Week 3\\iproject\\server\\helper\\mailer.js": {"path":"D:\\Hacktiv\\Phase 2\\Week 3\\iproject\\server\\helper\\mailer.js","statementMap":{"0":{"start":{"line":1,"column":19},"end":{"line":1,"column":40}},"1":{"start":{"line":5,"column":22},"end":{"line":11,"column":6}},"2":{"start":{"line":12,"column":4},"end":{"line":12,"column":23}},"3":{"start":{"line":16,"column":21},"end":{"line":21,"column":5}},"4":{"start":{"line":22,"column":4},"end":{"line":28,"column":7}},"5":{"start":{"line":23,"column":6},"end":{"line":27,"column":7}},"6":{"start":{"line":24,"column":8},"end":{"line":24,"column":25}},"7":{"start":{"line":26,"column":8},"end":{"line":26,"column":35}},"8":{"start":{"line":32,"column":21},"end":{"line":37,"column":5}},"9":{"start":{"line":38,"column":4},"end":{"line":44,"column":7}},"10":{"start":{"line":39,"column":6},"end":{"line":43,"column":7}},"11":{"start":{"line":40,"column":8},"end":{"line":40,"column":25}},"12":{"start":{"line":42,"column":8},"end":{"line":42,"column":35}},"13":{"start":{"line":49,"column":0},"end":{"line":49,"column":27}}},"fnMap":{"0":{"name":"(anonymous_0)","decl":{"start":{"line":4,"column":2},"end":{"line":4,"column":3}},"loc":{"start":{"line":4,"column":23},"end":{"line":13,"column":3}},"line":4},"1":{"name":"(anonymous_1)","decl":{"start":{"line":15,"column":2},"end":{"line":15,"column":3}},"loc":{"start":{"line":15,"column":38},"end":{"line":29,"column":3}},"line":15},"2":{"name":"(anonymous_2)","decl":{"start":{"line":22,"column":44},"end":{"line":22,"column":45}},"loc":{"start":{"line":22,"column":59},"end":{"line":28,"column":5}},"line":22},"3":{"name":"(anonymous_3)","decl":{"start":{"line":31,"column":2},"end":{"line":31,"column":3}},"loc":{"start":{"line":31,"column":44},"end":{"line":45,"column":3}},"line":31},"4":{"name":"(anonymous_4)","decl":{"start":{"line":38,"column":44},"end":{"line":38,"column":45}},"loc":{"start":{"line":38,"column":59},"end":{"line":44,"column":5}},"line":38}},"branchMap":{"0":{"loc":{"start":{"line":23,"column":6},"end":{"line":27,"column":7}},"type":"if","locations":[{"start":{"line":23,"column":6},"end":{"line":27,"column":7}},{"start":{"line":25,"column":13},"end":{"line":27,"column":7}}],"line":23},"1":{"loc":{"start":{"line":39,"column":6},"end":{"line":43,"column":7}},"type":"if","locations":[{"start":{"line":39,"column":6},"end":{"line":43,"column":7}},{"start":{"line":41,"column":13},"end":{"line":43,"column":7}}],"line":39}},"s":{"0":1,"1":0,"2":0,"3":0,"4":0,"5":0,"6":0,"7":0,"8":0,"9":0,"10":0,"11":0,"12":0,"13":1},"f":{"0":0,"1":0,"2":0,"3":0,"4":0},"b":{"0":[0,0],"1":[0,0]},"_coverageSchema":"1a1c01bbd47fc00a2c39e90264f33305004495a9","hash":"26c4cd0023dbd39b70f8028913e78221d3371ac8"}
,"D:\\Hacktiv\\Phase 2\\Week 3\\iproject\\server\\middlewares\\authentication.js": {"path":"D:\\Hacktiv\\Phase 2\\Week 3\\iproject\\server\\middlewares\\authentication.js","statementMap":{"0":{"start":{"line":1,"column":24},"end":{"line":1,"column":48}},"1":{"start":{"line":2,"column":17},"end":{"line":2,"column":37}},"2":{"start":{"line":4,"column":23},"end":{"line":27,"column":1}},"3":{"start":{"line":5,"column":2},"end":{"line":26,"column":3}},"4":{"start":{"line":6,"column":28},"end":{"line":6,"column":39}},"5":{"start":{"line":8,"column":4},"end":{"line":10,"column":5}},"6":{"start":{"line":9,"column":6},"end":{"line":9,"column":37}},"7":{"start":{"line":12,"column":28},"end":{"line":12,"column":52}},"8":{"start":{"line":14,"column":4},"end":{"line":14,"column":60}},"9":{"start":{"line":14,"column":29},"end":{"line":14,"column":60}},"10":{"start":{"line":16,"column":19},"end":{"line":16,"column":37}},"11":{"start":{"line":18,"column":17},"end":{"line":18,"column":40}},"12":{"start":{"line":19,"column":4},"end":{"line":19,"column":46}},"13":{"start":{"line":19,"column":15},"end":{"line":19,"column":46}},"14":{"start":{"line":21,"column":4},"end":{"line":21,"column":20}},"15":{"start":{"line":23,"column":4},"end":{"line":23,"column":11}},"16":{"start":{"line":25,"column":4},"end":{"line":25,"column":16}},"17":{"start":{"line":29,"column":0},"end":{"line":29,"column":36}}},"fnMap":{"0":{"name":"(anonymous_0)","decl":{"start":{"line":4,"column":23},"end":{"line":4,"column":24}},"loc":{"start":{"line":4,"column":49},"end":{"line":27,"column":1}},"line":4}},"branchMap":{"0":{"loc":{"start":{"line":8,"column":4},"end":{"line":10,"column":5}},"type":"if","locations":[{"start":{"line":8,"column":4},"end":{"line":10,"column":5}},{"start":{},"end":{}}],"line":8},"1":{"loc":{"start":{"line":14,"column":4},"end":{"line":14,"column":60}},"type":"if","locations":[{"start":{"line":14,"column":4},"end":{"line":14,"column":60}},{"start":{},"end":{}}],"line":14},"2":{"loc":{"start":{"line":19,"column":4},"end":{"line":19,"column":46}},"type":"if","locations":[{"start":{"line":19,"column":4},"end":{"line":19,"column":46}},{"start":{},"end":{}}],"line":19}},"s":{"0":1,"1":1,"2":1,"3":1,"4":1,"5":1,"6":1,"7":0,"8":0,"9":0,"10":0,"11":0,"12":0,"13":0,"14":0,"15":0,"16":1,"17":1},"f":{"0":1},"b":{"0":[1,0],"1":[0,0],"2":[0,0]},"_coverageSchema":"1a1c01bbd47fc00a2c39e90264f33305004495a9","hash":"7c03f5c86f10ef380a260d0832f7796a5e805162"}
,"D:\\Hacktiv\\Phase 2\\Week 3\\iproject\\server\\middlewares\\authorization.js": {"path":"D:\\Hacktiv\\Phase 2\\Week 3\\iproject\\server\\middlewares\\authorization.js","statementMap":{"0":{"start":{"line":1,"column":24},"end":{"line":1,"column":48}},"1":{"start":{"line":2,"column":23},"end":{"line":2,"column":43}},"2":{"start":{"line":4,"column":22},"end":{"line":23,"column":3}},"3":{"start":{"line":5,"column":4},"end":{"line":22,"column":5}},"4":{"start":{"line":7,"column":21},"end":{"line":9,"column":9}},"5":{"start":{"line":11,"column":6},"end":{"line":13,"column":7}},"6":{"start":{"line":12,"column":8},"end":{"line":12,"column":33}},"7":{"start":{"line":15,"column":6},"end":{"line":17,"column":7}},"8":{"start":{"line":16,"column":8},"end":{"line":16,"column":34}},"9":{"start":{"line":19,"column":6},"end":{"line":19,"column":12}},"10":{"start":{"line":21,"column":6},"end":{"line":21,"column":17}},"11":{"start":{"line":27,"column":0},"end":{"line":27,"column":32}}},"fnMap":{"0":{"name":"(anonymous_0)","decl":{"start":{"line":4,"column":22},"end":{"line":4,"column":23}},"loc":{"start":{"line":4,"column":48},"end":{"line":23,"column":3}},"line":4}},"branchMap":{"0":{"loc":{"start":{"line":11,"column":6},"end":{"line":13,"column":7}},"type":"if","locations":[{"start":{"line":11,"column":6},"end":{"line":13,"column":7}},{"start":{},"end":{}}],"line":11},"1":{"loc":{"start":{"line":15,"column":6},"end":{"line":17,"column":7}},"type":"if","locations":[{"start":{"line":15,"column":6},"end":{"line":17,"column":7}},{"start":{},"end":{}}],"line":15}},"s":{"0":1,"1":1,"2":1,"3":0,"4":0,"5":0,"6":0,"7":0,"8":0,"9":0,"10":0,"11":1},"f":{"0":0},"b":{"0":[0,0],"1":[0,0]},"_coverageSchema":"1a1c01bbd47fc00a2c39e90264f33305004495a9","hash":"5e121b290c468392d4b9474963bda804f3ac98c8"}
,"D:\\Hacktiv\\Phase 2\\Week 3\\iproject\\server\\middlewares\\errHandler.js": {"path":"D:\\Hacktiv\\Phase 2\\Week 3\\iproject\\server\\middlewares\\errHandler.js","statementMap":{"0":{"start":{"line":1,"column":30},"end":{"line":1,"column":53}},"1":{"start":{"line":3,"column":19},"end":{"line":46,"column":1}},"2":{"start":{"line":4,"column":2},"end":{"line":45,"column":3}},"3":{"start":{"line":6,"column":6},"end":{"line":6,"column":65}},"4":{"start":{"line":7,"column":6},"end":{"line":7,"column":12}},"5":{"start":{"line":9,"column":6},"end":{"line":9,"column":64}},"6":{"start":{"line":10,"column":6},"end":{"line":10,"column":12}},"7":{"start":{"line":12,"column":6},"end":{"line":12,"column":57}},"8":{"start":{"line":13,"column":6},"end":{"line":13,"column":12}},"9":{"start":{"line":15,"column":6},"end":{"line":15,"column":61}},"10":{"start":{"line":16,"column":6},"end":{"line":16,"column":12}},"11":{"start":{"line":18,"column":6},"end":{"line":18,"column":64}},"12":{"start":{"line":19,"column":6},"end":{"line":19,"column":12}},"13":{"start":{"line":21,"column":6},"end":{"line":21,"column":56}},"14":{"start":{"line":22,"column":6},"end":{"line":22,"column":12}},"15":{"start":{"line":24,"column":8},"end":{"line":24,"column":70}},"16":{"start":{"line":25,"column":8},"end":{"line":25,"column":14}},"17":{"start":{"line":27,"column":6},"end":{"line":27,"column":57}},"18":{"start":{"line":28,"column":6},"end":{"line":28,"column":12}},"19":{"start":{"line":30,"column":6},"end":{"line":30,"column":66}},"20":{"start":{"line":31,"column":6},"end":{"line":31,"column":12}},"21":{"start":{"line":33,"column":6},"end":{"line":33,"column":57}},"22":{"start":{"line":34,"column":6},"end":{"line":34,"column":12}},"23":{"start":{"line":36,"column":6},"end":{"line":36,"column":53}},"24":{"start":{"line":37,"column":6},"end":{"line":37,"column":12}},"25":{"start":{"line":40,"column":6},"end":{"line":40,"column":53}},"26":{"start":{"line":41,"column":6},"end":{"line":41,"column":12}},"27":{"start":{"line":43,"column":6},"end":{"line":43,"column":65}},"28":{"start":{"line":44,"column":6},"end":{"line":44,"column":12}},"29":{"start":{"line":48,"column":0},"end":{"line":48,"column":28}}},"fnMap":{"0":{"name":"(anonymous_0)","decl":{"start":{"line":3,"column":19},"end":{"line":3,"column":20}},"loc":{"start":{"line":3,"column":46},"end":{"line":46,"column":1}},"line":3}},"branchMap":{"0":{"loc":{"start":{"line":4,"column":2},"end":{"line":45,"column":3}},"type":"switch","locations":[{"start":{"line":5,"column":4},"end":{"line":7,"column":12}},{"start":{"line":8,"column":4},"end":{"line":10,"column":12}},{"start":{"line":11,"column":4},"end":{"line":13,"column":12}},{"start":{"line":14,"column":4},"end":{"line":16,"column":12}},{"start":{"line":17,"column":4},"end":{"line":19,"column":12}},{"start":{"line":20,"column":4},"end":{"line":22,"column":12}},{"start":{"line":23,"column":4},"end":{"line":25,"column":14}},{"start":{"line":26,"column":4},"end":{"line":28,"column":12}},{"start":{"line":29,"column":4},"end":{"line":31,"column":12}},{"start":{"line":32,"column":4},"end":{"line":34,"column":12}},{"start":{"line":35,"column":4},"end":{"line":37,"column":12}},{"start":{"line":39,"column":4},"end":{"line":41,"column":12}},{"start":{"line":42,"column":4},"end":{"line":44,"column":12}}],"line":4}},"s":{"0":1,"1":1,"2":1,"3":0,"4":0,"5":0,"6":0,"7":0,"8":0,"9":0,"10":0,"11":0,"12":0,"13":0,"14":0,"15":0,"16":0,"17":0,"18":0,"19":0,"20":0,"21":1,"22":1,"23":0,"24":0,"25":0,"26":0,"27":0,"28":0,"29":1},"f":{"0":1},"b":{"0":[0,0,0,0,0,0,0,0,0,1,0,0,0]},"_coverageSchema":"1a1c01bbd47fc00a2c39e90264f33305004495a9","hash":"22a47786f80fb7b148c924cd8d002c4bd45638c1"}
,"D:\\Hacktiv\\Phase 2\\Week 3\\iproject\\server\\models\\index.js": {"path":"D:\\Hacktiv\\Phase 2\\Week 3\\iproject\\server\\models\\index.js","statementMap":{"0":{"start":{"line":3,"column":11},"end":{"line":3,"column":24}},"1":{"start":{"line":4,"column":13},"end":{"line":4,"column":28}},"2":{"start":{"line":5,"column":18},"end":{"line":5,"column":38}},"3":{"start":{"line":6,"column":16},"end":{"line":6,"column":34}},"4":{"start":{"line":7,"column":17},"end":{"line":7,"column":42}},"5":{"start":{"line":8,"column":12},"end":{"line":8,"column":49}},"6":{"start":{"line":9,"column":15},"end":{"line":9,"column":65}},"7":{"start":{"line":10,"column":11},"end":{"line":10,"column":13}},"8":{"start":{"line":13,"column":0},"end":{"line":17,"column":1}},"9":{"start":{"line":14,"column":2},"end":{"line":14,"column":74}},"10":{"start":{"line":16,"column":2},"end":{"line":16,"column":87}},"11":{"start":{"line":19,"column":0},"end":{"line":32,"column":5}},"12":{"start":{"line":22,"column":4},"end":{"line":27,"column":6}},"13":{"start":{"line":30,"column":18},"end":{"line":30,"column":85}},"14":{"start":{"line":31,"column":4},"end":{"line":31,"column":27}},"15":{"start":{"line":34,"column":0},"end":{"line":38,"column":3}},"16":{"start":{"line":35,"column":2},"end":{"line":37,"column":3}},"17":{"start":{"line":36,"column":4},"end":{"line":36,"column":32}},"18":{"start":{"line":40,"column":0},"end":{"line":40,"column":25}},"19":{"start":{"line":41,"column":0},"end":{"line":41,"column":25}},"20":{"start":{"line":43,"column":0},"end":{"line":43,"column":20}}},"fnMap":{"0":{"name":"(anonymous_0)","decl":{"start":{"line":21,"column":10},"end":{"line":21,"column":11}},"loc":{"start":{"line":21,"column":18},"end":{"line":28,"column":3}},"line":21},"1":{"name":"(anonymous_1)","decl":{"start":{"line":29,"column":11},"end":{"line":29,"column":12}},"loc":{"start":{"line":29,"column":19},"end":{"line":32,"column":3}},"line":29},"2":{"name":"(anonymous_2)","decl":{"start":{"line":34,"column":24},"end":{"line":34,"column":25}},"loc":{"start":{"line":34,"column":37},"end":{"line":38,"column":1}},"line":34}},"branchMap":{"0":{"loc":{"start":{"line":8,"column":12},"end":{"line":8,"column":49}},"type":"binary-expr","locations":[{"start":{"line":8,"column":12},"end":{"line":8,"column":32}},{"start":{"line":8,"column":36},"end":{"line":8,"column":49}}],"line":8},"1":{"loc":{"start":{"line":13,"column":0},"end":{"line":17,"column":1}},"type":"if","locations":[{"start":{"line":13,"column":0},"end":{"line":17,"column":1}},{"start":{"line":15,"column":7},"end":{"line":17,"column":1}}],"line":13},"2":{"loc":{"start":{"line":23,"column":6},"end":{"line":26,"column":37}},"type":"binary-expr","locations":[{"start":{"line":23,"column":6},"end":{"line":23,"column":29}},{"start":{"line":24,"column":6},"end":{"line":24,"column":23}},{"start":{"line":25,"column":6},"end":{"line":25,"column":30}},{"start":{"line":26,"column":6},"end":{"line":26,"column":37}}],"line":23},"3":{"loc":{"start":{"line":35,"column":2},"end":{"line":37,"column":3}},"type":"if","locations":[{"start":{"line":35,"column":2},"end":{"line":37,"column":3}},{"start":{},"end":{}}],"line":35}},"s":{"0":1,"1":1,"2":1,"3":1,"4":1,"5":1,"6":1,"7":1,"8":1,"9":0,"10":1,"11":1,"12":3,"13":2,"14":2,"15":1,"16":2,"17":2,"18":1,"19":1,"20":1},"f":{"0":3,"1":2,"2":2},"b":{"0":[1,0],"1":[0,1],"2":[3,3,2,2],"3":[2,0]},"_coverageSchema":"1a1c01bbd47fc00a2c39e90264f33305004495a9","hash":"fc3077f8eb7aed1a62d70ffa9a05984fba870ddd"}
,"D:\\Hacktiv\\Phase 2\\Week 3\\iproject\\server\\models\\ticket.js": {"path":"D:\\Hacktiv\\Phase 2\\Week 3\\iproject\\server\\models\\ticket.js","statementMap":{"0":{"start":{"line":2,"column":18},"end":{"line":2,"column":38}},"1":{"start":{"line":3,"column":0},"end":{"line":75,"column":2}},"2":{"start":{"line":12,"column":6},"end":{"line":12,"column":36}},"3":{"start":{"line":15,"column":2},"end":{"line":73,"column":4}},"4":{"start":{"line":74,"column":2},"end":{"line":74,"column":16}}},"fnMap":{"0":{"name":"(anonymous_0)","decl":{"start":{"line":3,"column":17},"end":{"line":3,"column":18}},"loc":{"start":{"line":3,"column":43},"end":{"line":75,"column":1}},"line":3},"1":{"name":"(anonymous_1)","decl":{"start":{"line":10,"column":4},"end":{"line":10,"column":5}},"loc":{"start":{"line":10,"column":29},"end":{"line":13,"column":5}},"line":10}},"branchMap":{},"s":{"0":1,"1":1,"2":1,"3":1,"4":1},"f":{"0":1,"1":1},"b":{},"_coverageSchema":"1a1c01bbd47fc00a2c39e90264f33305004495a9","hash":"c1dc3da8db56bba1d4fcd1c5ccbdafa2d2fbb0ee"}
,"D:\\Hacktiv\\Phase 2\\Week 3\\iproject\\server\\models\\user.js": {"path":"D:\\Hacktiv\\Phase 2\\Week 3\\iproject\\server\\models\\user.js","statementMap":{"0":{"start":{"line":2,"column":18},"end":{"line":2,"column":38}},"1":{"start":{"line":3,"column":25},"end":{"line":3,"column":52}},"2":{"start":{"line":4,"column":0},"end":{"line":68,"column":2}},"3":{"start":{"line":13,"column":6},"end":{"line":13,"column":34}},"4":{"start":{"line":16,"column":2},"end":{"line":66,"column":4}},"5":{"start":{"line":60,"column":10},"end":{"line":60,"column":54}},"6":{"start":{"line":67,"column":2},"end":{"line":67,"column":14}}},"fnMap":{"0":{"name":"(anonymous_0)","decl":{"start":{"line":4,"column":17},"end":{"line":4,"column":18}},"loc":{"start":{"line":4,"column":43},"end":{"line":68,"column":1}},"line":4},"1":{"name":"(anonymous_1)","decl":{"start":{"line":11,"column":4},"end":{"line":11,"column":5}},"loc":{"start":{"line":11,"column":29},"end":{"line":14,"column":5}},"line":11},"2":{"name":"(anonymous_2)","decl":{"start":{"line":59,"column":8},"end":{"line":59,"column":9}},"loc":{"start":{"line":59,"column":27},"end":{"line":61,"column":9}},"line":59}},"branchMap":{},"s":{"0":1,"1":1,"2":1,"3":1,"4":1,"5":1,"6":1},"f":{"0":1,"1":1,"2":1},"b":{},"_coverageSchema":"1a1c01bbd47fc00a2c39e90264f33305004495a9","hash":"cff852e5a247779384cc2bbc498859b8344f12e7"}
,"D:\\Hacktiv\\Phase 2\\Week 3\\iproject\\server\\routers\\index.js": {"path":"D:\\Hacktiv\\Phase 2\\Week 3\\iproject\\server\\routers\\index.js","statementMap":{"0":{"start":{"line":1,"column":16},"end":{"line":1,"column":34}},"1":{"start":{"line":2,"column":15},"end":{"line":2,"column":31}},"2":{"start":{"line":3,"column":19},"end":{"line":3,"column":55}},"3":{"start":{"line":4,"column":27},"end":{"line":4,"column":67}},"4":{"start":{"line":5,"column":42},"end":{"line":5,"column":81}},"5":{"start":{"line":7,"column":0},"end":{"line":7,"column":46}},"6":{"start":{"line":8,"column":0},"end":{"line":8,"column":40}},"7":{"start":{"line":10,"column":0},"end":{"line":10,"column":59}},"8":{"start":{"line":11,"column":0},"end":{"line":11,"column":66}},"9":{"start":{"line":12,"column":0},"end":{"line":12,"column":64}},"10":{"start":{"line":14,"column":0},"end":{"line":14,"column":52}},"11":{"start":{"line":16,"column":0},"end":{"line":16,"column":49}},"12":{"start":{"line":18,"column":0},"end":{"line":18,"column":59}},"13":{"start":{"line":20,"column":0},"end":{"line":20,"column":27}},"14":{"start":{"line":22,"column":0},"end":{"line":22,"column":58}},"15":{"start":{"line":23,"column":0},"end":{"line":23,"column":50}},"16":{"start":{"line":24,"column":0},"end":{"line":24,"column":61}},"17":{"start":{"line":25,"column":0},"end":{"line":25,"column":51}},"18":{"start":{"line":26,"column":0},"end":{"line":26,"column":75}},"19":{"start":{"line":27,"column":0},"end":{"line":27,"column":74}},"20":{"start":{"line":31,"column":0},"end":{"line":31,"column":24}}},"fnMap":{},"branchMap":{},"s":{"0":1,"1":1,"2":1,"3":1,"4":1,"5":1,"6":1,"7":1,"8":1,"9":1,"10":1,"11":1,"12":1,"13":1,"14":1,"15":1,"16":1,"17":1,"18":1,"19":1,"20":1},"f":{},"b":{},"_coverageSchema":"1a1c01bbd47fc00a2c39e90264f33305004495a9","hash":"ba1918992e017105ea832344a48a3272395e597b"}
}
