TN:
SF:app.js
FNF:0
FNH:0
DA:1,4
DA:3,4
DA:4,4
DA:6,4
DA:7,4
DA:8,4
DA:10,4
DA:11,4
DA:13,4
DA:15,4
DA:17,4
LF:11
LH:11
BRF:0
BRH:0
end_of_record
TN:
SF:controllers\controller.js
FN:13,(anonymous_0)
FN:28,(anonymous_1)
FN:58,(anonymous_2)
FN:102,(anonymous_3)
FN:124,(anonymous_4)
FN:148,(anonymous_5)
FN:167,(anonymous_6)
FN:180,(anonymous_7)
FN:193,(anonymous_8)
FN:219,(anonymous_9)
FN:238,(anonymous_10)
FN:262,(anonymous_11)
FN:281,(anonymous_12)
FN:291,(anonymous_13)
FN:330,(anonymous_14)
FNF:15
FNH:14
FNDA:7,(anonymous_0)
FNDA:5,(anonymous_1)
FNDA:1,(anonymous_2)
FNDA:3,(anonymous_3)
FNDA:4,(anonymous_4)
FNDA:3,(anonymous_5)
FNDA:1,(anonymous_6)
FNDA:20,(anonymous_7)
FNDA:1,(anonymous_8)
FNDA:1,(anonymous_9)
FNDA:1,(anonymous_10)
FNDA:1,(anonymous_11)
FNDA:1,(anonymous_12)
FNDA:0,(anonymous_13)
FNDA:1,(anonymous_14)
DA:1,4
DA:2,4
DA:3,4
DA:4,4
DA:5,4
DA:6,4
DA:7,4
DA:8,4
DA:14,7
DA:15,7
DA:21,1
DA:23,6
DA:24,6
DA:29,5
DA:31,5
DA:32,4
DA:34,3
DA:40,3
DA:42,2
DA:44,2
DA:48,1
DA:49,1
DA:51,1
DA:53,4
DA:54,4
DA:59,1
DA:60,1
DA:62,1
DA:63,1
DA:64,1
DA:65,1
DA:68,0
DA:75,0
DA:77,0
DA:79,0
DA:85,0
DA:86,0
DA:93,0
DA:95,0
DA:97,1
DA:98,1
DA:103,3
DA:105,3
DA:111,2
DA:113,1
DA:114,1
DA:116,1
DA:118,1
DA:120,2
DA:125,4
DA:126,4
DA:128,4
DA:129,3
DA:133,2
DA:135,1
DA:136,1
DA:138,1
DA:140,1
DA:142,1
DA:144,3
DA:149,3
DA:150,3
DA:153,3
DA:154,3
DA:156,2
DA:159,1
DA:161,1
DA:163,2
DA:168,1
DA:169,1
DA:180,1
DA:181,20
DA:184,1
DA:186,1
DA:188,0
DA:189,0
DA:194,1
DA:195,1
DA:198,1
DA:208,1
DA:210,1
DA:212,1
DA:214,0
DA:215,0
DA:220,1
DA:223,1
DA:228,1
DA:231,1
DA:233,0
DA:234,0
DA:239,1
DA:240,1
DA:242,1
DA:243,1
DA:245,1
DA:246,0
DA:249,1
DA:250,1
DA:256,1
DA:258,0
DA:267,1
DA:268,1
DA:274,1
DA:275,1
DA:277,0
DA:282,1
DA:283,1
DA:284,1
DA:285,1
DA:287,0
DA:292,0
DA:294,0
DA:300,0
DA:301,0
DA:319,0
DA:320,0
DA:322,0
DA:326,0
DA:331,1
DA:335,1
DA:336,1
DA:339,1
DA:348,1
DA:352,1
DA:353,1
DA:354,1
DA:355,1
DA:357,1
DA:359,0
DA:364,4
LF:130
LH:103
BRDA:31,0,0,1
BRDA:31,0,1,4
BRDA:32,1,0,1
BRDA:32,1,1,3
BRDA:40,2,0,1
BRDA:40,2,1,2
BRDA:44,3,0,1
BRDA:44,3,1,1
BRDA:64,4,0,1
BRDA:64,4,1,0
BRDA:75,5,0,0
BRDA:75,5,1,0
BRDA:85,6,0,0
BRDA:85,6,1,0
BRDA:111,7,0,1
BRDA:111,7,1,1
BRDA:128,8,0,1
BRDA:128,8,1,3
BRDA:133,9,0,1
BRDA:133,9,1,1
BRDA:136,10,0,0
BRDA:136,10,1,1
BRDA:154,11,0,1
BRDA:154,11,1,2
BRDA:184,12,0,0
BRDA:184,12,1,1
BRDA:228,13,0,0
BRDA:228,13,1,1
BRDA:245,14,0,0
BRDA:245,14,1,1
BRDA:284,15,0,0
BRDA:284,15,1,1
BRDA:336,16,0,0
BRDA:336,16,1,1
BRDA:353,17,0,0
BRDA:353,17,1,1
BRF:36
BRH:24
end_of_record
TN:
SF:helper\bcrypt.js
FN:3,(anonymous_0)
FN:10,(anonymous_1)
FNF:2
FNH:2
FNDA:6,(anonymous_0)
FNDA:2,(anonymous_1)
DA:1,4
DA:3,4
DA:4,6
DA:5,6
DA:7,6
DA:10,4
DA:11,2
DA:13,2
DA:16,4
LF:9
LH:9
BRF:0
BRH:0
end_of_record
TN:
SF:helper\jwt.js
FN:4,(anonymous_0)
FN:10,(anonymous_1)
FNF:2
FNH:2
FNDA:6,(anonymous_0)
FNDA:17,(anonymous_1)
DA:1,4
DA:2,4
DA:4,4
DA:5,6
DA:7,6
DA:10,4
DA:11,17
DA:13,11
DA:16,4
LF:9
LH:9
BRF:0
BRH:0
end_of_record
TN:
SF:helper\mailer.js
FN:4,(anonymous_0)
FN:15,(anonymous_1)
FN:22,(anonymous_2)
FN:31,(anonymous_3)
FN:38,(anonymous_4)
FNF:5
FNH:3
FNDA:2,(anonymous_0)
FNDA:1,(anonymous_1)
FNDA:0,(anonymous_2)
FNDA:1,(anonymous_3)
FNDA:0,(anonymous_4)
DA:1,4
DA:5,2
DA:12,2
DA:16,1
DA:22,1
DA:23,0
DA:24,0
DA:26,0
DA:32,1
DA:38,1
DA:39,0
DA:40,0
DA:42,0
DA:50,4
LF:14
LH:8
BRDA:23,0,0,0
BRDA:23,0,1,0
BRDA:39,1,0,0
BRDA:39,1,1,0
BRF:4
BRH:0
end_of_record
TN:
SF:middlewares\authentication.js
FN:4,(anonymous_0)
FNF:1
FNH:1
FNDA:16,(anonymous_0)
DA:1,4
DA:2,4
DA:4,4
DA:5,16
DA:6,16
DA:8,16
DA:9,4
DA:12,12
DA:14,12
DA:16,12
DA:18,8
DA:19,8
DA:21,8
DA:23,8
DA:25,8
DA:29,4
LF:16
LH:16
BRDA:8,0,0,4
BRDA:8,0,1,12
BRDA:14,1,0,0
BRDA:14,1,1,12
BRDA:19,2,0,0
BRDA:19,2,1,8
BRF:6
BRH:4
end_of_record
TN:
SF:middlewares\authorization.js
FN:4,(anonymous_0)
FNF:1
FNH:1
FNDA:6,(anonymous_0)
DA:1,4
DA:2,4
DA:4,4
DA:5,6
DA:7,6
DA:11,6
DA:12,2
DA:15,4
DA:16,1
DA:19,3
DA:21,3
DA:27,4
LF:12
LH:12
BRDA:11,0,0,2
BRDA:11,0,1,4
BRDA:15,1,0,1
BRDA:15,1,1,3
BRF:4
BRH:4
end_of_record
TN:
SF:middlewares\errHandler.js
FN:3,(anonymous_0)
FNF:1
FNH:1
FNDA:29,(anonymous_0)
DA:1,4
DA:3,4
DA:4,29
DA:6,5
DA:7,5
DA:9,1
DA:10,1
DA:12,6
DA:13,6
DA:15,1
DA:16,1
DA:18,2
DA:19,2
DA:21,0
DA:22,0
DA:24,0
DA:25,0
DA:27,1
DA:28,1
DA:30,2
DA:31,2
DA:33,5
DA:34,5
DA:36,3
DA:37,3
DA:40,2
DA:41,2
DA:43,1
DA:44,1
DA:48,4
LF:30
LH:26
BRDA:4,0,0,5
BRDA:4,0,1,1
BRDA:4,0,2,6
BRDA:4,0,3,1
BRDA:4,0,4,2
BRDA:4,0,5,0
BRDA:4,0,6,0
BRDA:4,0,7,1
BRDA:4,0,8,2
BRDA:4,0,9,5
BRDA:4,0,10,3
BRDA:4,0,11,2
BRDA:4,0,12,1
BRF:13
BRH:11
end_of_record
TN:
SF:models\index.js
FN:21,(anonymous_0)
FN:29,(anonymous_1)
FN:34,(anonymous_2)
FNF:3
FNH:3
FNDA:12,(anonymous_0)
FNDA:8,(anonymous_1)
FNDA:8,(anonymous_2)
DA:3,4
DA:4,4
DA:5,4
DA:6,4
DA:7,4
DA:8,4
DA:9,4
DA:10,4
DA:13,4
DA:14,0
DA:16,4
DA:19,4
DA:22,12
DA:30,8
DA:31,8
DA:34,4
DA:35,8
DA:36,8
DA:40,4
DA:41,4
DA:43,4
LF:21
LH:20
BRDA:8,0,0,4
BRDA:8,0,1,0
BRDA:13,1,0,0
BRDA:13,1,1,4
BRDA:23,2,0,12
BRDA:23,2,1,12
BRDA:23,2,2,8
BRDA:23,2,3,8
BRDA:35,3,0,8
BRDA:35,3,1,0
BRF:10
BRH:7
end_of_record
TN:
SF:models\ticket.js
FN:3,(anonymous_0)
FN:10,(anonymous_1)
FNF:2
FNH:2
FNDA:4,(anonymous_0)
FNDA:4,(anonymous_1)
DA:2,4
DA:3,4
DA:12,4
DA:15,4
DA:74,4
LF:5
LH:5
BRF:0
BRH:0
end_of_record
TN:
SF:models\user.js
FN:4,(anonymous_0)
FN:11,(anonymous_1)
FN:59,(anonymous_2)
FNF:3
FNH:3
FNDA:4,(anonymous_0)
FNDA:4,(anonymous_1)
FNDA:5,(anonymous_2)
DA:2,4
DA:3,4
DA:4,4
DA:13,4
DA:16,4
DA:60,5
DA:67,4
LF:7
LH:7
BRF:0
BRH:0
end_of_record
TN:
SF:routers\index.js
FNF:0
FNH:0
DA:1,4
DA:2,4
DA:3,4
DA:4,4
DA:5,4
DA:7,4
DA:8,4
DA:10,4
DA:11,4
DA:12,4
DA:14,4
DA:16,4
DA:18,4
DA:20,4
DA:22,4
DA:23,4
DA:24,4
DA:26,4
DA:27,4
DA:29,4
DA:33,4
LF:21
LH:21
BRF:0
BRH:0
end_of_record
